<?xml version="1.0" encoding="UTF-8"?>
<coverage generated="1758112678553" clover="3.2.0">
  <project timestamp="1758112678554" name="All files">
    <metrics statements="19" coveredstatements="0" conditionals="6" coveredconditionals="0" methods="6" coveredmethods="0" elements="31" coveredelements="0" complexity="0" loc="19" ncloc="19" packages="6" files="6" classes="6"/>
    <package name="app">
      <metrics statements="5" coveredstatements="0" conditionals="2" coveredconditionals="0" methods="1" coveredmethods="0"/>
      <file name="page.tsx" path="F:\CURIOUS CATS\PakuruSYS\PakuruSYS-Fleetman\app\page.tsx">
        <metrics statements="5" coveredstatements="0" conditionals="2" coveredconditionals="0" methods="1" coveredmethods="0"/>
        <line num="5" count="0" type="stmt"/>
        <line num="8" count="0" type="stmt"/>
        <line num="10" count="0" type="cond" truecount="0" falsecount="2"/>
        <line num="11" count="0" type="stmt"/>
        <line num="13" count="0" type="stmt"/>
      </file>
    </package>
    <package name="app.admin.applications">
      <metrics statements="1" coveredstatements="0" conditionals="0" coveredconditionals="0" methods="1" coveredmethods="0"/>
      <file name="loading.tsx" path="F:\CURIOUS CATS\PakuruSYS\PakuruSYS-Fleetman\app\admin\applications\loading.tsx">
        <metrics statements="1" coveredstatements="0" conditionals="0" coveredconditionals="0" methods="1" coveredmethods="0"/>
        <line num="2" count="0" type="stmt"/>
      </file>
    </package>
    <package name="app.financial.invoices">
      <metrics statements="1" coveredstatements="0" conditionals="0" coveredconditionals="0" methods="1" coveredmethods="0"/>
      <file name="loading.tsx" path="F:\CURIOUS CATS\PakuruSYS\PakuruSYS-Fleetman\app\financial\invoices\loading.tsx">
        <metrics statements="1" coveredstatements="0" conditionals="0" coveredconditionals="0" methods="1" coveredmethods="0"/>
        <line num="2" count="0" type="stmt"/>
      </file>
    </package>
    <package name="app.fleet">
      <metrics statements="1" coveredstatements="0" conditionals="0" coveredconditionals="0" methods="1" coveredmethods="0"/>
      <file name="loading.tsx" path="F:\CURIOUS CATS\PakuruSYS\PakuruSYS-Fleetman\app\fleet\loading.tsx">
        <metrics statements="1" coveredstatements="0" conditionals="0" coveredconditionals="0" methods="1" coveredmethods="0"/>
        <line num="2" count="0" type="stmt"/>
      </file>
    </package>
    <package name="app.portal.shipments">
      <metrics statements="1" coveredstatements="0" conditionals="0" coveredconditionals="0" methods="1" coveredmethods="0"/>
      <file name="loading.tsx" path="F:\CURIOUS CATS\PakuruSYS\PakuruSYS-Fleetman\app\portal\shipments\loading.tsx">
        <metrics statements="1" coveredstatements="0" conditionals="0" coveredconditionals="0" methods="1" coveredmethods="0"/>
        <line num="2" count="0" type="stmt"/>
      </file>
    </package>
    <package name="lib.supabase">
      <metrics statements="10" coveredstatements="0" conditionals="4" coveredconditionals="0" methods="1" coveredmethods="0"/>
      <file name="client.ts" path="F:\CURIOUS CATS\PakuruSYS\PakuruSYS-Fleetman\lib\supabase\client.ts">
        <metrics statements="10" coveredstatements="0" conditionals="4" coveredconditionals="0" methods="1" coveredmethods="0"/>
        <line num="4" count="0" type="stmt"/>
        <line num="5" count="0" type="stmt"/>
        <line num="7" count="0" type="cond" truecount="0" falsecount="4"/>
        <line num="8" count="0" type="stmt"/>
        <line num="12" count="0" type="stmt"/>
        <line num="15" count="0" type="stmt"/>
        <line num="17" count="0" type="stmt"/>
        <line num="18" count="0" type="stmt"/>
        <line num="20" count="0" type="stmt"/>
        <line num="21" count="0" type="stmt"/>
      </file>
    </package>
  </project>
</coverage>
