{"F:\\CURIOUS CATS\\PakuruSYS\\PakuruSYS-Fleetman\\app\\page.tsx": {"path":"F:\\CURIOUS CATS\\PakuruSYS\\PakuruSYS-Fleetman\\app\\page.tsx","statementMap":{"0":{"start":{"line":5,"column":19},"end":{"line":5,"column":39}},"1":{"start":{"line":8,"column":6},"end":{"line":8,"column":35}},"2":{"start":{"line":10,"column":2},"end":{"line":14,"column":3}},"3":{"start":{"line":11,"column":4},"end":{"line":11,"column":26}},"4":{"start":{"line":13,"column":4},"end":{"line":13,"column":27}}},"fnMap":{"0":{"name":"HomePage","decl":{"start":{"line":4,"column":30},"end":{"line":4,"column":38}},"loc":{"start":{"line":4,"column":41},"end":{"line":15,"column":1}},"line":4}},"branchMap":{"0":{"loc":{"start":{"line":10,"column":2},"end":{"line":14,"column":3}},"type":"if","locations":[{"start":{"line":10,"column":2},"end":{"line":14,"column":3}},{"start":{"line":12,"column":9},"end":{"line":14,"column":3}}],"line":10}},"s":{"0":0,"1":0,"2":0,"3":0,"4":0},"f":{"0":0},"b":{"0":[0,0]}}
,"F:\\CURIOUS CATS\\PakuruSYS\\PakuruSYS-Fleetman\\app\\admin\\applications\\loading.tsx": {"path":"F:\\CURIOUS CATS\\PakuruSYS\\PakuruSYS-Fleetman\\app\\admin\\applications\\loading.tsx","statementMap":{"0":{"start":{"line":2,"column":2},"end":{"line":2,"column":13}}},"fnMap":{"0":{"name":"Loading","decl":{"start":{"line":1,"column":24},"end":{"line":1,"column":31}},"loc":{"start":{"line":1,"column":34},"end":{"line":3,"column":1}},"line":1}},"branchMap":{},"s":{"0":0},"f":{"0":0},"b":{}}
,"F:\\CURIOUS CATS\\PakuruSYS\\PakuruSYS-Fleetman\\app\\financial\\invoices\\loading.tsx": {"path":"F:\\CURIOUS CATS\\PakuruSYS\\PakuruSYS-Fleetman\\app\\financial\\invoices\\loading.tsx","statementMap":{"0":{"start":{"line":2,"column":2},"end":{"line":2,"column":13}}},"fnMap":{"0":{"name":"Loading","decl":{"start":{"line":1,"column":24},"end":{"line":1,"column":31}},"loc":{"start":{"line":1,"column":34},"end":{"line":3,"column":1}},"line":1}},"branchMap":{},"s":{"0":0},"f":{"0":0},"b":{}}
,"F:\\CURIOUS CATS\\PakuruSYS\\PakuruSYS-Fleetman\\app\\fleet\\loading.tsx": {"path":"F:\\CURIOUS CATS\\PakuruSYS\\PakuruSYS-Fleetman\\app\\fleet\\loading.tsx","statementMap":{"0":{"start":{"line":2,"column":2},"end":{"line":2,"column":13}}},"fnMap":{"0":{"name":"Loading","decl":{"start":{"line":1,"column":24},"end":{"line":1,"column":31}},"loc":{"start":{"line":1,"column":34},"end":{"line":3,"column":1}},"line":1}},"branchMap":{},"s":{"0":0},"f":{"0":0},"b":{}}
,"F:\\CURIOUS CATS\\PakuruSYS\\PakuruSYS-Fleetman\\app\\portal\\shipments\\loading.tsx": {"path":"F:\\CURIOUS CATS\\PakuruSYS\\PakuruSYS-Fleetman\\app\\portal\\shipments\\loading.tsx","statementMap":{"0":{"start":{"line":2,"column":2},"end":{"line":2,"column":13}}},"fnMap":{"0":{"name":"Loading","decl":{"start":{"line":1,"column":24},"end":{"line":1,"column":31}},"loc":{"start":{"line":1,"column":34},"end":{"line":3,"column":1}},"line":1}},"branchMap":{},"s":{"0":0},"f":{"0":0},"b":{}}
,"F:\\CURIOUS CATS\\PakuruSYS\\PakuruSYS-Fleetman\\lib\\supabase\\client.ts": {"path":"F:\\CURIOUS CATS\\PakuruSYS\\PakuruSYS-Fleetman\\lib\\supabase\\client.ts","statementMap":{"0":{"start":{"line":4,"column":22},"end":{"line":4,"column":58}},"1":{"start":{"line":5,"column":26},"end":{"line":5,"column":67}},"2":{"start":{"line":7,"column":2},"end":{"line":13,"column":3}},"3":{"start":{"line":8,"column":4},"end":{"line":11,"column":6}},"4":{"start":{"line":12,"column":4},"end":{"line":12,"column":61}},"5":{"start":{"line":15,"column":2},"end":{"line":15,"column":69}},"6":{"start":{"line":17,"column":2},"end":{"line":22,"column":3}},"7":{"start":{"line":18,"column":4},"end":{"line":18,"column":60}},"8":{"start":{"line":20,"column":4},"end":{"line":20,"column":64}},"9":{"start":{"line":21,"column":4},"end":{"line":21,"column":15}}},"fnMap":{"0":{"name":"createClient","decl":{"start":{"line":3,"column":16},"end":{"line":3,"column":28}},"loc":{"start":{"line":3,"column":31},"end":{"line":23,"column":1}},"line":3}},"branchMap":{"0":{"loc":{"start":{"line":7,"column":2},"end":{"line":13,"column":3}},"type":"if","locations":[{"start":{"line":7,"column":2},"end":{"line":13,"column":3}},{"start":{},"end":{}}],"line":7},"1":{"loc":{"start":{"line":7,"column":6},"end":{"line":7,"column":38}},"type":"binary-expr","locations":[{"start":{"line":7,"column":6},"end":{"line":7,"column":18}},{"start":{"line":7,"column":22},"end":{"line":7,"column":38}}],"line":7}},"s":{"0":0,"1":0,"2":0,"3":0,"4":0,"5":0,"6":0,"7":0,"8":0,"9":0},"f":{"0":0},"b":{"0":[0,0],"1":[0,0]}}
}
