TN:
SF:app\page.tsx
FN:4,HomePage
FNF:1
FNH:0
FNDA:0,HomePage
DA:5,0
DA:8,0
DA:10,0
DA:11,0
DA:13,0
LF:5
LH:0
BRDA:10,0,0,0
BRDA:10,0,1,0
BRF:2
BRH:0
end_of_record
TN:
SF:app\admin\applications\loading.tsx
FN:1,Loading
FNF:1
FNH:0
FNDA:0,Loading
DA:2,0
LF:1
LH:0
BRF:0
BRH:0
end_of_record
TN:
SF:app\financial\invoices\loading.tsx
FN:1,Loading
FNF:1
FNH:0
FNDA:0,Loading
DA:2,0
LF:1
LH:0
BRF:0
BRH:0
end_of_record
TN:
SF:app\fleet\loading.tsx
FN:1,Loading
FNF:1
FNH:0
FNDA:0,Loading
DA:2,0
LF:1
LH:0
BRF:0
BRH:0
end_of_record
TN:
SF:app\portal\shipments\loading.tsx
FN:1,Loading
FNF:1
FNH:0
FNDA:0,Loading
DA:2,0
LF:1
LH:0
BRF:0
BRH:0
end_of_record
TN:
SF:lib\supabase\client.ts
FN:3,createClient
FNF:1
FNH:0
FNDA:0,createClient
DA:4,0
DA:5,0
DA:7,0
DA:8,0
DA:12,0
DA:15,0
DA:17,0
DA:18,0
DA:20,0
DA:21,0
LF:10
LH:0
BRDA:7,0,0,0
BRDA:7,0,1,0
BRDA:7,1,0,0
BRDA:7,1,1,0
BRF:4
BRH:0
end_of_record
