TN:
SF:app\layout.tsx
FN:13,RootLayout
FNF:1
FNH:0
FNDA:0,RootLayout
DA:7,0
DA:18,0
LF:2
LH:0
BRF:0
BRH:0
end_of_record
TN:
SF:app\page.tsx
FN:4,HomePage
FNF:1
FNH:0
FNDA:0,HomePage
DA:5,0
DA:8,0
DA:10,0
DA:11,0
DA:13,0
LF:5
LH:0
BRDA:10,0,0,0
BRDA:10,0,1,0
BRF:2
BRH:0
end_of_record
TN:
SF:app\admin\layout.tsx
FN:4,AdminLayout
FNF:1
FNH:0
FNDA:0,AdminLayout
DA:9,0
LF:1
LH:0
BRF:0
BRH:0
end_of_record
TN:
SF:app\admin\page.tsx
FN:7,AdminDashboard
FN:117,(anonymous_1)
FN:143,(anonymous_2)
FNF:3
FNH:0
FNDA:0,AdminDashboard
FNDA:0,(anonymous_1)
FNDA:0,(anonymous_2)
DA:8,0
DA:14,0
DA:16,0
DA:17,0
DA:21,0
DA:27,0
DA:28,0
DA:37,0
DA:55,0
DA:118,0
DA:144,0
LF:11
LH:0
BRDA:16,0,0,0
BRDA:16,0,1,0
BRDA:16,1,0,0
BRDA:16,1,1,0
BRDA:27,2,0,0
BRDA:27,2,1,0
BRDA:27,3,0,0
BRDA:27,3,1,0
BRDA:69,4,0,0
BRDA:69,4,1,0
BRDA:70,5,0,0
BRDA:70,5,1,0
BRDA:80,6,0,0
BRDA:80,6,1,0
BRDA:81,7,0,0
BRDA:81,7,1,0
BRDA:91,8,0,0
BRDA:91,8,1,0
BRDA:92,9,0,0
BRDA:92,9,1,0
BRDA:116,10,0,0
BRDA:116,10,1,0
BRDA:116,11,0,0
BRDA:116,11,1,0
BRDA:125,12,0,0
BRDA:125,12,1,0
BRDA:142,13,0,0
BRDA:142,13,1,0
BRDA:142,14,0,0
BRDA:142,14,1,0
BRF:30
BRH:0
end_of_record
TN:
SF:app\admin\analytics\page.tsx
FN:5,AdminAnalyticsPage
FN:47,(anonymous_1)
FNF:2
FNH:0
FNDA:0,AdminAnalyticsPage
FNDA:0,(anonymous_1)
DA:6,0
DA:12,0
DA:14,0
DA:15,0
DA:19,0
DA:25,0
DA:26,0
DA:30,0
DA:35,0
DA:39,0
DA:44,0
DA:45,0
DA:46,0
DA:47,0
DA:49,0
LF:15
LH:0
BRDA:14,0,0,0
BRDA:14,0,1,0
BRDA:14,1,0,0
BRDA:14,1,1,0
BRDA:25,2,0,0
BRDA:25,2,1,0
BRDA:25,3,0,0
BRDA:25,3,1,0
BRDA:44,4,0,0
BRDA:44,4,1,0
BRDA:45,5,0,0
BRDA:45,5,1,0
BRDA:46,6,0,0
BRDA:46,6,1,0
BRDA:47,7,0,0
BRDA:47,7,1,0
BRDA:55,8,0,0
BRDA:55,8,1,0
BRDA:56,9,0,0
BRDA:56,9,1,0
BRDA:57,10,0,0
BRDA:57,10,1,0
BRF:22
BRH:0
end_of_record
TN:
SF:app\admin\applications\loading.tsx
FN:1,Loading
FNF:1
FNH:0
FNDA:0,Loading
DA:2,0
LF:1
LH:0
BRF:0
BRH:0
end_of_record
TN:
SF:app\admin\applications\page.tsx
FN:19,ApplicationsPage
FN:49,(anonymous_1)
FN:72,(anonymous_2)
FNF:3
FNH:0
FNDA:0,ApplicationsPage
FNDA:0,(anonymous_1)
FNDA:0,(anonymous_2)
DA:20,0
DA:26,0
DA:28,0
DA:29,0
DA:33,0
DA:39,0
DA:40,0
DA:44,0
DA:49,0
DA:50,0
DA:52,0
DA:54,0
DA:56,0
DA:58,0
DA:60,0
DA:64,0
DA:73,0
LF:17
LH:0
BRDA:28,0,0,0
BRDA:28,0,1,0
BRDA:28,1,0,0
BRDA:28,1,1,0
BRDA:39,2,0,0
BRDA:39,2,1,0
BRDA:39,3,0,0
BRDA:39,3,1,0
BRDA:50,4,0,0
BRDA:50,4,1,0
BRDA:50,4,2,0
BRDA:50,4,3,0
BRDA:50,4,4,0
BRDA:72,5,0,0
BRDA:72,5,1,0
BRDA:72,6,0,0
BRDA:72,6,1,0
BRDA:108,7,0,0
BRDA:108,7,1,0
BRDA:116,8,0,0
BRDA:116,8,1,0
BRDA:119,9,0,0
BRDA:119,9,1,0
BRDA:160,10,0,0
BRDA:160,10,1,0
BRDA:164,11,0,0
BRDA:164,11,1,0
BRDA:168,12,0,0
BRDA:168,12,1,0
BRDA:172,13,0,0
BRDA:172,13,1,0
BRF:31
BRH:0
end_of_record
TN:
SF:app\admin\companies\page.tsx
FN:21,CompaniesPage
FN:54,(anonymous_1)
FN:93,(anonymous_2)
FN:104,(anonymous_3)
FN:115,(anonymous_4)
FN:132,(anonymous_5)
FNF:6
FNH:0
FNDA:0,CompaniesPage
FNDA:0,(anonymous_1)
FNDA:0,(anonymous_2)
FNDA:0,(anonymous_3)
FNDA:0,(anonymous_4)
FNDA:0,(anonymous_5)
DA:22,0
DA:28,0
DA:30,0
DA:31,0
DA:35,0
DA:41,0
DA:42,0
DA:46,0
DA:54,0
DA:55,0
DA:57,0
DA:59,0
DA:61,0
DA:63,0
DA:67,0
DA:93,0
DA:104,0
DA:116,0
DA:133,0
LF:19
LH:0
BRDA:30,0,0,0
BRDA:30,0,1,0
BRDA:30,1,0,0
BRDA:30,1,1,0
BRDA:41,2,0,0
BRDA:41,2,1,0
BRDA:41,3,0,0
BRDA:41,3,1,0
BRDA:55,4,0,0
BRDA:55,4,1,0
BRDA:55,4,2,0
BRDA:55,4,3,0
BRDA:83,5,0,0
BRDA:83,5,1,0
BRDA:93,6,0,0
BRDA:93,6,1,0
BRDA:104,7,0,0
BRDA:104,7,1,0
BRDA:115,8,0,0
BRDA:115,8,1,0
BRDA:131,9,0,0
BRDA:131,9,1,0
BRDA:131,10,0,0
BRDA:131,10,1,0
BRDA:149,11,0,0
BRDA:149,11,1,0
BRF:26
BRH:0
end_of_record
TN:
SF:app\admin\quotes\page.tsx
FN:9,AdminQuotesPage
FN:44,(anonymous_1)
FN:61,(anonymous_2)
FN:66,(anonymous_3)
FN:143,(anonymous_4)
FNF:5
FNH:0
FNDA:0,AdminQuotesPage
FNDA:0,(anonymous_1)
FNDA:0,(anonymous_2)
FNDA:0,(anonymous_3)
FNDA:0,(anonymous_4)
DA:10,0
DA:16,0
DA:18,0
DA:19,0
DA:23,0
DA:29,0
DA:30,0
DA:34,0
DA:44,0
DA:45,0
DA:47,0
DA:49,0
DA:51,0
DA:53,0
DA:55,0
DA:57,0
DA:61,0
DA:62,0
DA:63,0
DA:66,0
DA:68,0
DA:144,0
LF:22
LH:0
BRDA:18,0,0,0
BRDA:18,0,1,0
BRDA:18,1,0,0
BRDA:18,1,1,0
BRDA:29,2,0,0
BRDA:29,2,1,0
BRDA:29,3,0,0
BRDA:29,3,1,0
BRDA:45,4,0,0
BRDA:45,4,1,0
BRDA:45,4,2,0
BRDA:45,4,3,0
BRDA:45,4,4,0
BRDA:45,4,5,0
BRDA:61,5,0,0
BRDA:61,5,1,0
BRDA:62,6,0,0
BRDA:62,6,1,0
BRDA:66,7,0,0
BRDA:66,7,1,0
BRDA:66,8,0,0
BRDA:66,8,1,0
BRDA:85,9,0,0
BRDA:85,9,1,0
BRDA:95,10,0,0
BRDA:95,10,1,0
BRDA:106,11,0,0
BRDA:106,11,1,0
BRDA:117,12,0,0
BRDA:117,12,1,0
BRDA:142,13,0,0
BRDA:142,13,1,0
BRDA:142,14,0,0
BRDA:142,14,1,0
BRDA:157,15,0,0
BRDA:157,15,1,0
BRDA:172,16,0,0
BRDA:172,16,1,0
BRDA:175,17,0,0
BRDA:175,17,1,0
BRF:40
BRH:0
end_of_record
TN:
SF:app\admin\settings\page.tsx
FN:9,SettingsPage
FNF:1
FNH:0
FNDA:0,SettingsPage
DA:10,0
DA:16,0
DA:18,0
DA:19,0
DA:23,0
DA:29,0
DA:30,0
DA:34,0
DA:35,0
DA:37,0
LF:10
LH:0
BRDA:18,0,0,0
BRDA:18,0,1,0
BRDA:18,1,0,0
BRDA:18,1,1,0
BRDA:29,2,0,0
BRDA:29,2,1,0
BRDA:29,3,0,0
BRDA:29,3,1,0
BRDA:35,4,0,0
BRDA:35,4,1,0
BRF:10
BRH:0
end_of_record
TN:
SF:app\admin\users\page.tsx
FN:9,UsersPage
FN:49,(anonymous_1)
FN:66,(anonymous_2)
FN:147,(anonymous_3)
FNF:4
FNH:0
FNDA:0,UsersPage
FNDA:0,(anonymous_1)
FNDA:0,(anonymous_2)
FNDA:0,(anonymous_3)
DA:10,0
DA:16,0
DA:18,0
DA:19,0
DA:23,0
DA:29,0
DA:30,0
DA:34,0
DA:43,0
DA:49,0
DA:50,0
DA:52,0
DA:54,0
DA:56,0
DA:58,0
DA:60,0
DA:62,0
DA:66,0
DA:67,0
DA:68,0
DA:71,0
DA:148,0
LF:22
LH:0
BRDA:18,0,0,0
BRDA:18,0,1,0
BRDA:18,1,0,0
BRDA:18,1,1,0
BRDA:29,2,0,0
BRDA:29,2,1,0
BRDA:29,3,0,0
BRDA:29,3,1,0
BRDA:50,4,0,0
BRDA:50,4,1,0
BRDA:50,4,2,0
BRDA:50,4,3,0
BRDA:50,4,4,0
BRDA:50,4,5,0
BRDA:66,5,0,0
BRDA:66,5,1,0
BRDA:67,6,0,0
BRDA:67,6,1,0
BRDA:78,7,0,0
BRDA:78,7,1,0
BRDA:89,8,0,0
BRDA:89,8,1,0
BRDA:99,9,0,0
BRDA:99,9,1,0
BRDA:110,10,0,0
BRDA:110,10,1,0
BRDA:121,11,0,0
BRDA:121,11,1,0
BRDA:132,12,0,0
BRDA:132,12,1,0
BRDA:146,13,0,0
BRDA:146,13,1,0
BRDA:146,14,0,0
BRDA:146,14,1,0
BRDA:162,15,0,0
BRDA:162,15,1,0
BRDA:179,16,0,0
BRDA:179,16,1,0
BRF:38
BRH:0
end_of_record
TN:
SF:app\analytics\page.tsx
FN:88,AnalyticsPage
FN:92,(anonymous_1)
FN:145,(anonymous_2)
FN:237,(anonymous_3)
FN:259,(anonymous_4)
FN:291,(anonymous_5)
FN:320,(anonymous_6)
FN:322,(anonymous_7)
FN:365,(anonymous_8)
FN:407,(anonymous_9)
FN:409,(anonymous_10)
FN:444,(anonymous_11)
FN:466,(anonymous_12)
FNF:13
FNH:0
FNDA:0,AnalyticsPage
FNDA:0,(anonymous_1)
FNDA:0,(anonymous_2)
FNDA:0,(anonymous_3)
FNDA:0,(anonymous_4)
FNDA:0,(anonymous_5)
FNDA:0,(anonymous_6)
FNDA:0,(anonymous_7)
FNDA:0,(anonymous_8)
FNDA:0,(anonymous_9)
FNDA:0,(anonymous_10)
FNDA:0,(anonymous_11)
FNDA:0,(anonymous_12)
DA:41,0
DA:50,0
DA:56,0
DA:63,0
DA:71,0
DA:79,0
DA:89,0
DA:90,0
DA:92,0
DA:93,0
DA:94,0
DA:105,0
DA:106,0
DA:109,0
DA:110,0
DA:111,0
DA:112,0
DA:113,0
DA:114,0
DA:115,0
DA:116,0
DA:117,0
DA:119,0
DA:120,0
DA:124,0
DA:145,0
DA:237,0
DA:259,0
DA:291,0
DA:320,0
DA:323,0
DA:366,0
DA:407,0
DA:410,0
DA:444,0
DA:467,0
LF:36
LH:0
BRDA:105,0,0,0
BRDA:105,0,1,0
BRF:2
BRH:0
end_of_record
TN:
SF:app\api\expenses\route.ts
FN:4,POST
FNF:1
FNH:0
FNDA:0,POST
DA:5,0
DA:6,0
DA:7,0
DA:8,0
LF:4
LH:0
BRDA:7,0,0,0
BRDA:7,0,1,0
BRF:2
BRH:0
end_of_record
TN:
SF:app\api\loads\[id]\assign-driver\route.ts
FN:4,POST
FNF:1
FNH:0
FNDA:0,POST
DA:5,0
DA:6,0
DA:7,0
DA:8,0
DA:9,0
DA:11,0
LF:6
LH:0
BRDA:8,0,0,0
BRDA:8,0,1,0
BRDA:11,1,0,0
BRDA:11,1,1,0
BRF:4
BRH:0
end_of_record
TN:
SF:app\api\loads\[id]\assign-vehicle\route.ts
FN:4,POST
FNF:1
FNH:0
FNDA:0,POST
DA:5,0
DA:6,0
DA:7,0
DA:8,0
DA:9,0
DA:11,0
LF:6
LH:0
BRDA:8,0,0,0
BRDA:8,0,1,0
BRDA:11,1,0,0
BRDA:11,1,1,0
BRF:4
BRH:0
end_of_record
TN:
SF:app\api\loads\[id]\tracking\route.ts
FN:4,POST
FNF:1
FNH:0
FNDA:0,POST
DA:5,0
DA:6,0
DA:7,0
DA:8,0
LF:4
LH:0
BRDA:7,0,0,0
BRDA:7,0,1,0
BRF:2
BRH:0
end_of_record
TN:
SF:app\api\pdf\quote\[id]\route.tsx
FN:6,GET
FNF:1
FNH:0
FNDA:0,GET
DA:7,0
DA:8,0
DA:13,0
DA:15,0
DA:16,0
DA:19,0
DA:25,0
DA:26,0
DA:29,0
DA:41,0
DA:42,0
DA:46,0
DA:55,0
DA:86,0
DA:88,0
DA:95,0
DA:96,0
LF:17
LH:0
BRDA:15,0,0,0
BRDA:15,0,1,0
BRDA:15,1,0,0
BRDA:15,1,1,0
BRDA:25,2,0,0
BRDA:25,2,1,0
BRDA:25,3,0,0
BRDA:25,3,1,0
BRDA:41,4,0,0
BRDA:41,4,1,0
BRDA:48,5,0,0
BRDA:48,5,1,0
BRDA:48,6,0,0
BRDA:48,6,1,0
BRF:14
BRH:0
end_of_record
TN:
SF:app\api\pdf\report\route.tsx
FN:6,POST
FN:40,(anonymous_1)
FN:41,(anonymous_2)
FN:42,(anonymous_3)
FN:69,(anonymous_4)
FN:83,(anonymous_5)
FN:84,(anonymous_6)
FN:109,(anonymous_7)
FNF:8
FNH:0
FNDA:0,POST
FNDA:0,(anonymous_1)
FNDA:0,(anonymous_2)
FNDA:0,(anonymous_3)
FNDA:0,(anonymous_4)
FNDA:0,(anonymous_5)
FNDA:0,(anonymous_6)
FNDA:0,(anonymous_7)
DA:7,0
DA:8,0
DA:14,0
DA:16,0
DA:17,0
DA:21,0
DA:27,0
DA:28,0
DA:31,0
DA:36,0
DA:38,0
DA:40,0
DA:41,0
DA:42,0
DA:44,0
DA:69,0
DA:79,0
DA:81,0
DA:83,0
DA:84,0
DA:86,0
DA:109,0
DA:120,0
DA:124,0
DA:127,0
DA:134,0
DA:135,0
LF:27
LH:0
BRDA:16,0,0,0
BRDA:16,0,1,0
BRDA:16,1,0,0
BRDA:16,1,1,0
BRDA:27,2,0,0
BRDA:27,2,1,0
BRDA:27,3,0,0
BRDA:27,3,1,0
BRDA:36,4,0,0
BRDA:36,4,1,0
BRDA:40,5,0,0
BRDA:40,5,1,0
BRDA:41,6,0,0
BRDA:41,6,1,0
BRDA:42,7,0,0
BRDA:42,7,1,0
BRDA:60,8,0,0
BRDA:60,8,1,0
BRDA:69,9,0,0
BRDA:69,9,1,0
BRDA:79,10,0,0
BRDA:79,10,1,0
BRDA:83,11,0,0
BRDA:83,11,1,0
BRDA:84,12,0,0
BRDA:84,12,1,0
BRDA:97,13,0,0
BRDA:97,13,1,0
BRDA:107,14,0,0
BRDA:107,14,1,0
BRDA:113,15,0,0
BRDA:113,15,1,0
BRDA:114,16,0,0
BRDA:114,16,1,0
BRF:34
BRH:0
end_of_record
TN:
SF:app\api\quotes\[id]\accept\route.ts
FN:4,POST
FNF:1
FNH:0
FNDA:0,POST
DA:5,0
DA:6,0
DA:7,0
DA:9,0
LF:4
LH:0
BRDA:6,0,0,0
BRDA:6,0,1,0
BRF:2
BRH:0
end_of_record
TN:
SF:app\api\quotes\[id]\convert\route.ts
FN:4,POST
FNF:1
FNH:0
FNDA:0,POST
DA:5,0
DA:6,0
DA:7,0
DA:9,0
LF:4
LH:0
BRDA:6,0,0,0
BRDA:6,0,1,0
BRF:2
BRH:0
end_of_record
TN:
SF:app\api\quotes\[id]\reject\route.ts
FN:4,POST
FNF:1
FNH:0
FNDA:0,POST
DA:5,0
DA:6,0
DA:7,0
DA:9,0
LF:4
LH:0
BRDA:6,0,0,0
BRDA:6,0,1,0
BRF:2
BRH:0
end_of_record
TN:
SF:app\api\quotes\[id]\send\route.ts
FN:4,POST
FNF:1
FNH:0
FNDA:0,POST
DA:5,0
DA:6,0
DA:7,0
DA:9,0
LF:4
LH:0
BRDA:6,0,0,0
BRDA:6,0,1,0
BRF:2
BRH:0
end_of_record
TN:
SF:app\auth\login\page.tsx
FN:14,LoginPage
FN:21,(anonymous_1)
FN:59,(anonymous_2)
FN:69,(anonymous_3)
FNF:4
FNH:0
FNDA:0,LoginPage
FNDA:0,(anonymous_1)
FNDA:0,(anonymous_2)
FNDA:0,(anonymous_3)
DA:15,0
DA:16,0
DA:17,0
DA:18,0
DA:19,0
DA:21,0
DA:22,0
DA:23,0
DA:24,0
DA:25,0
DA:27,0
DA:28,0
DA:32,0
DA:33,0
DA:35,0
DA:37,0
DA:41,0
DA:59,0
DA:69,0
LF:19
LH:0
BRDA:32,0,0,0
BRDA:32,0,1,0
BRDA:35,1,0,0
BRDA:35,1,1,0
BRDA:72,2,0,0
BRDA:72,2,1,0
BRDA:74,3,0,0
BRDA:74,3,1,0
BRF:8
BRH:0
end_of_record
TN:
SF:app\auth\pending-approval\page.tsx
FN:1,PendingApprovalPage
FNF:1
FNH:0
FNDA:0,PendingApprovalPage
DA:2,0
LF:1
LH:0
BRF:0
BRH:0
end_of_record
TN:
SF:app\auth\register\page.tsx
FN:16,RegisterPage
FN:30,(anonymous_1)
FN:90,(anonymous_2)
FN:99,(anonymous_3)
FN:110,(anonymous_4)
FN:117,(anonymous_5)
FN:137,(anonymous_6)
FN:147,(anonymous_7)
FN:157,(anonymous_8)
FNF:9
FNH:0
FNDA:0,RegisterPage
FNDA:0,(anonymous_1)
FNDA:0,(anonymous_2)
FNDA:0,(anonymous_3)
FNDA:0,(anonymous_4)
FNDA:0,(anonymous_5)
FNDA:0,(anonymous_6)
FNDA:0,(anonymous_7)
FNDA:0,(anonymous_8)
DA:17,0
DA:26,0
DA:27,0
DA:28,0
DA:30,0
DA:31,0
DA:32,0
DA:33,0
DA:34,0
DA:36,0
DA:37,0
DA:38,0
DA:39,0
DA:42,0
DA:43,0
DA:45,0
DA:59,0
DA:61,0
DA:62,0
DA:64,0
DA:67,0
DA:69,0
DA:73,0
DA:90,0
DA:99,0
DA:110,0
DA:117,0
DA:137,0
DA:147,0
DA:157,0
LF:30
LH:0
BRDA:36,0,0,0
BRDA:36,0,1,0
BRDA:49,1,0,0
BRDA:49,1,1,0
BRDA:54,2,0,0
BRDA:54,2,1,0
BRDA:56,3,0,0
BRDA:56,3,1,0
BRDA:59,4,0,0
BRDA:59,4,1,0
BRDA:61,5,0,0
BRDA:61,5,1,0
BRDA:67,6,0,0
BRDA:67,6,1,0
BRDA:160,7,0,0
BRDA:160,7,1,0
BRDA:162,8,0,0
BRDA:162,8,1,0
BRF:18
BRH:0
end_of_record
TN:
SF:app\auth\verify-email\page.tsx
FN:4,VerifyEmailPage
FNF:1
FNH:0
FNDA:0,VerifyEmailPage
DA:5,0
LF:1
LH:0
BRF:0
BRH:0
end_of_record
TN:
SF:app\customers\loading.tsx
FN:1,Loading
FNF:1
FNH:0
FNDA:0,Loading
DA:2,0
LF:1
LH:0
BRF:0
BRH:0
end_of_record
TN:
SF:app\customers\page.tsx
FN:12,CustomersPage
FN:53,(anonymous_1)
FN:54,(anonymous_2)
FN:55,(anonymous_3)
FN:57,(anonymous_4)
FN:161,(anonymous_5)
FNF:6
FNH:0
FNDA:0,CustomersPage
FNDA:0,(anonymous_1)
FNDA:0,(anonymous_2)
FNDA:0,(anonymous_3)
FNDA:0,(anonymous_4)
FNDA:0,(anonymous_5)
DA:13,0
DA:19,0
DA:21,0
DA:22,0
DA:26,0
DA:32,0
DA:33,0
DA:37,0
DA:38,0
DA:42,0
DA:52,0
DA:53,0
DA:54,0
DA:55,0
DA:57,0
DA:58,0
DA:64,0
DA:162,0
LF:18
LH:0
BRDA:21,0,0,0
BRDA:21,0,1,0
BRDA:21,1,0,0
BRDA:21,1,1,0
BRDA:32,2,0,0
BRDA:32,2,1,0
BRDA:32,3,0,0
BRDA:32,3,1,0
BRDA:37,4,0,0
BRDA:37,4,1,0
BRDA:52,5,0,0
BRDA:52,5,1,0
BRDA:53,6,0,0
BRDA:53,6,1,0
BRDA:54,7,0,0
BRDA:54,7,1,0
BRDA:55,8,0,0
BRDA:55,8,1,0
BRDA:55,9,0,0
BRDA:55,9,1,0
BRDA:171,10,0,0
BRDA:171,10,1,0
BRDA:175,11,0,0
BRDA:175,11,1,0
BRDA:176,12,0,0
BRDA:176,12,1,0
BRDA:190,13,0,0
BRDA:190,13,1,0
BRDA:197,14,0,0
BRDA:197,14,1,0
BRDA:205,15,0,0
BRDA:205,15,1,0
BRDA:205,16,0,0
BRDA:205,16,1,0
BRDA:211,17,0,0
BRDA:211,17,1,0
BRDA:222,18,0,0
BRDA:222,18,1,0
BRDA:226,19,0,0
BRDA:226,19,1,0
BRDA:257,20,0,0
BRDA:257,20,1,0
BRDA:257,20,2,0
BRF:43
BRH:0
end_of_record
TN:
SF:app\customers\[id]\page.tsx
FN:13,CustomerDetailPage
FN:77,(anonymous_1)
FN:78,(anonymous_2)
FN:80,(anonymous_3)
FN:86,(anonymous_4)
FN:93,(anonymous_5)
FN:298,(anonymous_6)
FNF:7
FNH:0
FNDA:0,CustomerDetailPage
FNDA:0,(anonymous_1)
FNDA:0,(anonymous_2)
FNDA:0,(anonymous_3)
FNDA:0,(anonymous_4)
FNDA:0,(anonymous_5)
FNDA:0,(anonymous_6)
DA:14,0
DA:15,0
DA:21,0
DA:23,0
DA:24,0
DA:28,0
DA:34,0
DA:35,0
DA:39,0
DA:40,0
DA:44,0
DA:51,0
DA:52,0
DA:56,0
DA:68,0
DA:76,0
DA:77,0
DA:78,0
DA:80,0
DA:81,0
DA:82,0
DA:83,0
DA:86,0
DA:87,0
DA:93,0
DA:94,0
DA:96,0
DA:98,0
DA:100,0
DA:102,0
DA:104,0
DA:106,0
DA:110,0
DA:299,0
LF:34
LH:0
BRDA:23,0,0,0
BRDA:23,0,1,0
BRDA:23,1,0,0
BRDA:23,1,1,0
BRDA:34,2,0,0
BRDA:34,2,1,0
BRDA:34,3,0,0
BRDA:34,3,1,0
BRDA:39,4,0,0
BRDA:39,4,1,0
BRDA:51,5,0,0
BRDA:51,5,1,0
BRDA:76,6,0,0
BRDA:76,6,1,0
BRDA:77,7,0,0
BRDA:77,7,1,0
BRDA:77,8,0,0
BRDA:77,8,1,0
BRDA:78,9,0,0
BRDA:78,9,1,0
BRDA:80,10,0,0
BRDA:80,10,1,0
BRDA:81,11,0,0
BRDA:81,11,1,0
BRDA:94,12,0,0
BRDA:94,12,1,0
BRDA:94,12,2,0
BRDA:94,12,3,0
BRDA:94,12,4,0
BRDA:94,12,5,0
BRDA:123,13,0,0
BRDA:123,13,1,0
BRDA:127,14,0,0
BRDA:127,14,1,0
BRDA:128,15,0,0
BRDA:128,15,1,0
BRDA:195,16,0,0
BRDA:195,16,1,0
BRDA:199,17,0,0
BRDA:199,17,1,0
BRDA:204,18,0,0
BRDA:204,18,1,0
BRDA:204,19,0,0
BRDA:204,19,1,0
BRDA:215,20,0,0
BRDA:215,20,1,0
BRDA:227,21,0,0
BRDA:227,21,1,0
BRDA:228,22,0,0
BRDA:228,22,1,0
BRDA:235,23,0,0
BRDA:235,23,1,0
BRDA:240,24,0,0
BRDA:240,24,1,0
BRDA:263,25,0,0
BRDA:263,25,1,0
BRDA:263,25,2,0
BRDA:274,26,0,0
BRDA:274,26,1,0
BRDA:274,26,2,0
BRDA:291,27,0,0
BRDA:291,27,1,0
BRDA:291,27,2,0
BRDA:312,28,0,0
BRDA:312,28,1,0
BRDA:319,29,0,0
BRDA:319,29,1,0
BRF:67
BRH:0
end_of_record
TN:
SF:app\customers\add\page.tsx
FN:19,AddCustomerPage
FN:49,(anonymous_1)
FN:85,(anonymous_2)
FN:86,(anonymous_3)
FN:119,(anonymous_4)
FN:129,(anonymous_5)
FN:141,(anonymous_6)
FN:150,(anonymous_7)
FN:161,(anonymous_8)
FN:170,(anonymous_9)
FN:188,(anonymous_10)
FN:200,(anonymous_11)
FN:209,(anonymous_12)
FN:217,(anonymous_13)
FN:258,(anonymous_14)
FN:268,(anonymous_15)
FNF:16
FNH:0
FNDA:0,AddCustomerPage
FNDA:0,(anonymous_1)
FNDA:0,(anonymous_2)
FNDA:0,(anonymous_3)
FNDA:0,(anonymous_4)
FNDA:0,(anonymous_5)
FNDA:0,(anonymous_6)
FNDA:0,(anonymous_7)
FNDA:0,(anonymous_8)
FNDA:0,(anonymous_9)
FNDA:0,(anonymous_10)
FNDA:0,(anonymous_11)
FNDA:0,(anonymous_12)
FNDA:0,(anonymous_13)
FNDA:0,(anonymous_14)
FNDA:0,(anonymous_15)
DA:20,0
DA:21,0
DA:22,0
DA:23,0
DA:25,0
DA:40,0
DA:41,0
DA:44,0
DA:45,0
DA:46,0
DA:49,0
DA:50,0
DA:51,0
DA:52,0
DA:54,0
DA:55,0
DA:57,0
DA:73,0
DA:75,0
DA:77,0
DA:79,0
DA:81,0
DA:85,0
DA:86,0
DA:89,0
DA:119,0
DA:129,0
DA:141,0
DA:150,0
DA:161,0
DA:170,0
DA:188,0
DA:200,0
DA:209,0
DA:217,0
DA:258,0
DA:268,0
LF:37
LH:0
BRDA:40,0,0,0
BRDA:40,0,1,0
BRDA:44,1,0,0
BRDA:44,1,1,0
BRDA:44,2,0,0
BRDA:44,2,1,0
BRDA:60,3,0,0
BRDA:60,3,1,0
BRDA:61,4,0,0
BRDA:61,4,1,0
BRDA:62,5,0,0
BRDA:62,5,1,0
BRDA:63,6,0,0
BRDA:63,6,1,0
BRDA:64,7,0,0
BRDA:64,7,1,0
BRDA:65,8,0,0
BRDA:65,8,1,0
BRDA:66,9,0,0
BRDA:66,9,1,0
BRDA:67,10,0,0
BRDA:67,10,1,0
BRDA:68,11,0,0
BRDA:68,11,1,0
BRDA:75,12,0,0
BRDA:75,12,1,0
BRDA:79,13,0,0
BRDA:79,13,1,0
BRDA:290,14,0,0
BRDA:290,14,1,0
BRDA:307,15,0,0
BRDA:307,15,1,0
BRF:32
BRH:0
end_of_record
TN:
SF:app\dashboard\layout.tsx
FN:10,DashboardLayout
FN:46,(anonymous_1)
FN:55,(anonymous_2)
FNF:3
FNH:0
FNDA:0,DashboardLayout
FNDA:0,(anonymous_1)
FNDA:0,(anonymous_2)
DA:11,0
DA:12,0
DA:14,0
DA:15,0
DA:25,0
DA:26,0
DA:36,0
DA:46,0
DA:55,0
LF:9
LH:0
BRDA:14,0,0,0
BRDA:14,0,1,0
BRDA:25,1,0,0
BRDA:25,1,1,0
BRDA:25,2,0,0
BRDA:25,2,1,0
BRDA:44,3,0,0
BRDA:44,3,1,0
BRF:8
BRH:0
end_of_record
TN:
SF:app\dashboard\page.tsx
FN:9,DashboardPage
FN:79,(anonymous_1)
FN:87,(anonymous_2)
FN:93,(anonymous_3)
FN:129,(anonymous_4)
FNF:5
FNH:0
FNDA:0,DashboardPage
FNDA:0,(anonymous_1)
FNDA:0,(anonymous_2)
FNDA:0,(anonymous_3)
FNDA:0,(anonymous_4)
DA:10,0
DA:16,0
DA:18,0
DA:19,0
DA:23,0
DA:32,0
DA:33,0
DA:37,0
DA:38,0
DA:42,0
DA:51,0
DA:78,0
DA:80,0
DA:81,0
DA:82,0
DA:87,0
DA:93,0
DA:102,0
DA:129,0
LF:19
LH:0
BRDA:18,0,0,0
BRDA:18,0,1,0
BRDA:18,1,0,0
BRDA:18,1,1,0
BRDA:32,2,0,0
BRDA:32,2,1,0
BRDA:37,3,0,0
BRDA:37,3,1,0
BRDA:81,4,0,0
BRDA:81,4,1,0
BRDA:87,5,0,0
BRDA:87,5,1,0
BRDA:114,6,0,0
BRDA:114,6,1,0
BRDA:121,7,0,0
BRDA:121,7,1,0
BRDA:126,8,0,0
BRDA:126,8,1,0
BRDA:142,9,0,0
BRDA:142,9,1,0
BRDA:146,10,0,0
BRDA:146,10,1,0
BRDA:146,10,2,0
BRDA:146,10,3,0
BRF:24
BRH:0
end_of_record
TN:
SF:app\drivers\page.tsx
FN:12,DriversPage
FN:50,(anonymous_1)
FN:51,(anonymous_2)
FN:52,(anonymous_3)
FN:59,(anonymous_4)
FN:161,(anonymous_5)
FNF:6
FNH:0
FNDA:0,DriversPage
FNDA:0,(anonymous_1)
FNDA:0,(anonymous_2)
FNDA:0,(anonymous_3)
FNDA:0,(anonymous_4)
FNDA:0,(anonymous_5)
DA:13,0
DA:19,0
DA:21,0
DA:22,0
DA:26,0
DA:32,0
DA:33,0
DA:37,0
DA:38,0
DA:42,0
DA:49,0
DA:50,0
DA:51,0
DA:52,0
DA:53,0
DA:54,0
DA:55,0
DA:56,0
DA:59,0
DA:60,0
DA:61,0
DA:62,0
DA:63,0
DA:66,0
DA:162,0
LF:25
LH:0
BRDA:21,0,0,0
BRDA:21,0,1,0
BRDA:21,1,0,0
BRDA:21,1,1,0
BRDA:32,2,0,0
BRDA:32,2,1,0
BRDA:32,3,0,0
BRDA:32,3,1,0
BRDA:37,4,0,0
BRDA:37,4,1,0
BRDA:49,5,0,0
BRDA:49,5,1,0
BRDA:50,6,0,0
BRDA:50,6,1,0
BRDA:51,7,0,0
BRDA:51,7,1,0
BRDA:52,8,0,0
BRDA:52,8,1,0
BRDA:53,9,0,0
BRDA:53,9,1,0
BRDA:175,10,0,0
BRDA:175,10,1,0
BRDA:176,11,0,0
BRDA:176,11,1,0
BRDA:178,12,0,0
BRDA:178,12,1,0
BRDA:178,12,2,0
BRDA:192,13,0,0
BRDA:192,13,1,0
BRDA:199,14,0,0
BRDA:199,14,1,0
BRDA:207,15,0,0
BRDA:207,15,1,0
BRDA:215,16,0,0
BRDA:215,16,1,0
BRDA:220,17,0,0
BRDA:220,17,1,0
BRDA:220,17,2,0
BRDA:224,18,0,0
BRDA:224,18,1,0
BRDA:228,19,0,0
BRDA:228,19,1,0
BRDA:258,20,0,0
BRDA:258,20,1,0
BRDA:258,20,2,0
BRF:45
BRH:0
end_of_record
TN:
SF:app\drivers\[id]\page.tsx
FN:13,DriverDetailPage
FN:69,(anonymous_1)
FN:70,(anonymous_2)
FN:71,(anonymous_3)
FN:73,(anonymous_4)
FN:81,(anonymous_5)
FN:246,(anonymous_6)
FNF:7
FNH:0
FNDA:0,DriverDetailPage
FNDA:0,(anonymous_1)
FNDA:0,(anonymous_2)
FNDA:0,(anonymous_3)
FNDA:0,(anonymous_4)
FNDA:0,(anonymous_5)
FNDA:0,(anonymous_6)
DA:14,0
DA:15,0
DA:21,0
DA:23,0
DA:24,0
DA:28,0
DA:34,0
DA:35,0
DA:39,0
DA:40,0
DA:44,0
DA:51,0
DA:52,0
DA:56,0
DA:68,0
DA:69,0
DA:70,0
DA:71,0
DA:73,0
DA:74,0
DA:75,0
DA:76,0
DA:77,0
DA:78,0
DA:81,0
DA:82,0
DA:84,0
DA:86,0
DA:88,0
DA:90,0
DA:92,0
DA:94,0
DA:98,0
DA:247,0
LF:34
LH:0
BRDA:23,0,0,0
BRDA:23,0,1,0
BRDA:23,1,0,0
BRDA:23,1,1,0
BRDA:34,2,0,0
BRDA:34,2,1,0
BRDA:34,3,0,0
BRDA:34,3,1,0
BRDA:39,4,0,0
BRDA:39,4,1,0
BRDA:51,5,0,0
BRDA:51,5,1,0
BRDA:68,6,0,0
BRDA:68,6,1,0
BRDA:69,7,0,0
BRDA:69,7,1,0
BRDA:70,8,0,0
BRDA:70,8,1,0
BRDA:71,9,0,0
BRDA:71,9,1,0
BRDA:74,10,0,0
BRDA:74,10,1,0
BRDA:82,11,0,0
BRDA:82,11,1,0
BRDA:82,11,2,0
BRDA:82,11,3,0
BRDA:82,11,4,0
BRDA:82,11,5,0
BRDA:150,12,0,0
BRDA:150,12,1,0
BRDA:151,13,0,0
BRDA:151,13,1,0
BRDA:153,14,0,0
BRDA:153,14,1,0
BRDA:153,14,2,0
BRDA:168,15,0,0
BRDA:168,15,1,0
BRDA:175,16,0,0
BRDA:175,16,1,0
BRDA:182,17,0,0
BRDA:182,17,1,0
BRDA:200,18,0,0
BRDA:200,18,1,0
BRDA:202,19,0,0
BRDA:202,19,1,0
BRDA:202,19,2,0
BRDA:209,20,0,0
BRDA:209,20,1,0
BRDA:209,20,2,0
BRDA:215,21,0,0
BRDA:215,21,1,0
BRDA:219,22,0,0
BRDA:219,22,1,0
BRDA:267,23,0,0
BRDA:267,23,1,0
BRDA:267,23,2,0
BRDA:337,24,0,0
BRDA:337,24,1,0
BRDA:337,24,2,0
BRF:59
BRH:0
end_of_record
TN:
SF:app\drivers\[id]\edit\page.tsx
FN:22,EditDriverPage
FN:44,(anonymous_1)
FN:45,(anonymous_2)
FN:96,(anonymous_3)
FN:134,(anonymous_4)
FN:135,(anonymous_5)
FN:171,(anonymous_6)
FN:181,(anonymous_7)
FN:194,(anonymous_8)
FN:204,(anonymous_9)
FN:215,(anonymous_10)
FN:225,(anonymous_11)
FN:244,(anonymous_12)
FN:255,(anonymous_13)
FN:267,(anonymous_14)
FN:278,(anonymous_15)
FNF:16
FNH:0
FNDA:0,EditDriverPage
FNDA:0,(anonymous_1)
FNDA:0,(anonymous_2)
FNDA:0,(anonymous_3)
FNDA:0,(anonymous_4)
FNDA:0,(anonymous_5)
FNDA:0,(anonymous_6)
FNDA:0,(anonymous_7)
FNDA:0,(anonymous_8)
FNDA:0,(anonymous_9)
FNDA:0,(anonymous_10)
FNDA:0,(anonymous_11)
FNDA:0,(anonymous_12)
FNDA:0,(anonymous_13)
FNDA:0,(anonymous_14)
FNDA:0,(anonymous_15)
DA:23,0
DA:24,0
DA:25,0
DA:26,0
DA:27,0
DA:28,0
DA:30,0
DA:44,0
DA:45,0
DA:46,0
DA:48,0
DA:49,0
DA:56,0
DA:57,0
DA:58,0
DA:61,0
DA:62,0
DA:63,0
DA:77,0
DA:80,0
DA:83,0
DA:84,0
DA:87,0
DA:88,0
DA:89,0
DA:92,0
DA:93,0
DA:96,0
DA:97,0
DA:98,0
DA:99,0
DA:101,0
DA:102,0
DA:104,0
DA:118,0
DA:124,0
DA:126,0
DA:128,0
DA:130,0
DA:134,0
DA:135,0
DA:138,0
DA:171,0
DA:181,0
DA:194,0
DA:204,0
DA:215,0
DA:225,0
DA:244,0
DA:255,0
DA:267,0
DA:278,0
LF:52
LH:0
BRDA:46,0,0,0
BRDA:46,0,1,0
BRDA:46,1,0,0
BRDA:46,1,1,0
BRDA:56,2,0,0
BRDA:56,2,1,0
BRDA:61,3,0,0
BRDA:61,3,1,0
BRDA:67,4,0,0
BRDA:67,4,1,0
BRDA:68,5,0,0
BRDA:68,5,1,0
BRDA:69,6,0,0
BRDA:69,6,1,0
BRDA:70,7,0,0
BRDA:70,7,1,0
BRDA:71,8,0,0
BRDA:71,8,1,0
BRDA:72,9,0,0
BRDA:72,9,1,0
BRDA:83,10,0,0
BRDA:83,10,1,0
BRDA:83,11,0,0
BRDA:83,11,1,0
BRDA:87,12,0,0
BRDA:87,12,1,0
BRDA:87,13,0,0
BRDA:87,13,1,0
BRDA:92,14,0,0
BRDA:92,14,1,0
BRDA:108,15,0,0
BRDA:108,15,1,0
BRDA:109,16,0,0
BRDA:109,16,1,0
BRDA:110,17,0,0
BRDA:110,17,1,0
BRDA:111,18,0,0
BRDA:111,18,1,0
BRDA:112,19,0,0
BRDA:112,19,1,0
BRDA:113,20,0,0
BRDA:113,20,1,0
BRDA:124,21,0,0
BRDA:124,21,1,0
BRDA:128,22,0,0
BRDA:128,22,1,0
BRDA:287,23,0,0
BRDA:287,23,1,0
BRDA:304,24,0,0
BRDA:304,24,1,0
BRF:50
BRH:0
end_of_record
TN:
SF:app\drivers\add\page.tsx
FN:18,AddDriverPage
FN:46,(anonymous_1)
FN:80,(anonymous_2)
FN:81,(anonymous_3)
FN:115,(anonymous_4)
FN:125,(anonymous_5)
FN:138,(anonymous_6)
FN:148,(anonymous_7)
FN:159,(anonymous_8)
FN:169,(anonymous_9)
FN:188,(anonymous_10)
FN:199,(anonymous_11)
FN:211,(anonymous_12)
FN:222,(anonymous_13)
FNF:14
FNH:0
FNDA:0,AddDriverPage
FNDA:0,(anonymous_1)
FNDA:0,(anonymous_2)
FNDA:0,(anonymous_3)
FNDA:0,(anonymous_4)
FNDA:0,(anonymous_5)
FNDA:0,(anonymous_6)
FNDA:0,(anonymous_7)
FNDA:0,(anonymous_8)
FNDA:0,(anonymous_9)
FNDA:0,(anonymous_10)
FNDA:0,(anonymous_11)
FNDA:0,(anonymous_12)
FNDA:0,(anonymous_13)
DA:19,0
DA:20,0
DA:21,0
DA:22,0
DA:24,0
DA:37,0
DA:38,0
DA:41,0
DA:42,0
DA:43,0
DA:46,0
DA:47,0
DA:48,0
DA:49,0
DA:51,0
DA:52,0
DA:54,0
DA:68,0
DA:70,0
DA:72,0
DA:74,0
DA:76,0
DA:80,0
DA:81,0
DA:84,0
DA:115,0
DA:125,0
DA:138,0
DA:148,0
DA:159,0
DA:169,0
DA:188,0
DA:199,0
DA:211,0
DA:222,0
LF:35
LH:0
BRDA:37,0,0,0
BRDA:37,0,1,0
BRDA:41,1,0,0
BRDA:41,1,1,0
BRDA:41,2,0,0
BRDA:41,2,1,0
BRDA:59,3,0,0
BRDA:59,3,1,0
BRDA:60,4,0,0
BRDA:60,4,1,0
BRDA:61,5,0,0
BRDA:61,5,1,0
BRDA:62,6,0,0
BRDA:62,6,1,0
BRDA:63,7,0,0
BRDA:63,7,1,0
BRDA:64,8,0,0
BRDA:64,8,1,0
BRDA:70,9,0,0
BRDA:70,9,1,0
BRDA:74,10,0,0
BRDA:74,10,1,0
BRDA:231,11,0,0
BRDA:231,11,1,0
BRDA:248,12,0,0
BRDA:248,12,1,0
BRF:26
BRH:0
end_of_record
TN:
SF:app\financial\loading.tsx
FN:1,Loading
FNF:1
FNH:0
FNDA:0,Loading
DA:2,0
LF:1
LH:0
BRF:0
BRH:0
end_of_record
TN:
SF:app\financial\page.tsx
FN:10,FinancialPage
FN:63,(anonymous_1)
FN:64,(anonymous_2)
FN:66,(anonymous_3)
FN:68,(anonymous_4)
FN:74,(anonymous_5)
FN:75,(anonymous_6)
FN:79,(anonymous_7)
FN:89,(anonymous_8)
FN:95,(anonymous_9)
FN:100,(anonymous_10)
FN:107,(anonymous_11)
FN:252,(anonymous_12)
FN:290,(anonymous_13)
FNF:14
FNH:0
FNDA:0,FinancialPage
FNDA:0,(anonymous_1)
FNDA:0,(anonymous_2)
FNDA:0,(anonymous_3)
FNDA:0,(anonymous_4)
FNDA:0,(anonymous_5)
FNDA:0,(anonymous_6)
FNDA:0,(anonymous_7)
FNDA:0,(anonymous_8)
FNDA:0,(anonymous_9)
FNDA:0,(anonymous_10)
FNDA:0,(anonymous_11)
FNDA:0,(anonymous_12)
FNDA:0,(anonymous_13)
DA:11,0
DA:17,0
DA:19,0
DA:20,0
DA:24,0
DA:30,0
DA:31,0
DA:35,0
DA:36,0
DA:40,0
DA:63,0
DA:64,0
DA:65,0
DA:66,0
DA:68,0
DA:69,0
DA:70,0
DA:71,0
DA:74,0
DA:75,0
DA:78,0
DA:80,0
DA:81,0
DA:82,0
DA:87,0
DA:89,0
DA:94,0
DA:95,0
DA:100,0
DA:101,0
DA:107,0
DA:108,0
DA:110,0
DA:112,0
DA:114,0
DA:116,0
DA:118,0
DA:122,0
DA:253,0
DA:291,0
LF:40
LH:0
BRDA:19,0,0,0
BRDA:19,0,1,0
BRDA:19,1,0,0
BRDA:19,1,1,0
BRDA:30,2,0,0
BRDA:30,2,1,0
BRDA:30,3,0,0
BRDA:30,3,1,0
BRDA:35,4,0,0
BRDA:35,4,1,0
BRDA:63,5,0,0
BRDA:63,5,1,0
BRDA:63,6,0,0
BRDA:63,6,1,0
BRDA:64,7,0,0
BRDA:64,7,1,0
BRDA:64,8,0,0
BRDA:64,8,1,0
BRDA:66,9,0,0
BRDA:66,9,1,0
BRDA:68,10,0,0
BRDA:68,10,1,0
BRDA:69,11,0,0
BRDA:69,11,1,0
BRDA:74,12,0,0
BRDA:74,12,1,0
BRDA:75,13,0,0
BRDA:75,13,1,0
BRDA:81,14,0,0
BRDA:81,14,1,0
BRDA:81,15,0,0
BRDA:81,15,1,0
BRDA:87,16,0,0
BRDA:87,16,1,0
BRDA:95,17,0,0
BRDA:95,17,1,0
BRDA:108,18,0,0
BRDA:108,18,1,0
BRDA:108,18,2,0
BRDA:108,18,3,0
BRDA:108,18,4,0
BRDA:174,19,0,0
BRDA:174,19,1,0
BRDA:177,20,0,0
BRDA:177,20,1,0
BRDA:277,21,0,0
BRDA:277,21,1,0
BRF:47
BRH:0
end_of_record
TN:
SF:app\financial\expenses\page.tsx
FN:7,ExpensesPage
FN:37,(anonymous_1)
FNF:2
FNH:0
FNDA:0,ExpensesPage
FNDA:0,(anonymous_1)
DA:8,0
DA:9,0
DA:10,0
DA:12,0
DA:14,0
DA:16,0
DA:22,0
DA:38,0
LF:8
LH:0
BRDA:10,0,0,0
BRDA:10,0,1,0
BRDA:10,1,0,0
BRDA:10,1,1,0
BRDA:14,2,0,0
BRDA:14,2,1,0
BRDA:42,3,0,0
BRDA:42,3,1,0
BRDA:42,4,0,0
BRDA:42,4,1,0
BRDA:44,5,0,0
BRDA:44,5,1,0
BRDA:48,6,0,0
BRDA:48,6,1,0
BRDA:48,6,2,0
BRF:15
BRH:0
end_of_record
TN:
SF:app\financial\expenses\[id]\page.tsx
FN:6,ExpenseDetailPage
FNF:1
FNH:0
FNDA:0,ExpenseDetailPage
DA:7,0
DA:8,0
DA:9,0
DA:11,0
DA:13,0
DA:15,0
DA:21,0
DA:23,0
LF:8
LH:0
BRDA:9,0,0,0
BRDA:9,0,1,0
BRDA:9,1,0,0
BRDA:9,1,1,0
BRDA:13,2,0,0
BRDA:13,2,1,0
BRDA:21,3,0,0
BRDA:21,3,1,0
BRDA:41,4,0,0
BRDA:41,4,1,0
BRDA:44,5,0,0
BRDA:44,5,1,0
BRDA:45,6,0,0
BRDA:45,6,1,0
BRDA:46,7,0,0
BRDA:46,7,1,0
BRDA:47,8,0,0
BRDA:47,8,1,0
BRF:18
BRH:0
end_of_record
TN:
SF:app\financial\expenses\add\page.tsx
FN:14,AddExpensePage
FN:31,(anonymous_1)
FN:32,(anonymous_2)
FN:43,(anonymous_3)
FN:47,(anonymous_4)
FN:70,(anonymous_5)
FN:73,(anonymous_6)
FN:79,(anonymous_7)
FN:80,(anonymous_8)
FN:83,(anonymous_9)
FN:86,(anonymous_10)
FN:92,(anonymous_11)
FN:95,(anonymous_12)
FN:99,(anonymous_13)
FN:100,(anonymous_14)
FNF:15
FNH:0
FNDA:0,AddExpensePage
FNDA:0,(anonymous_1)
FNDA:0,(anonymous_2)
FNDA:0,(anonymous_3)
FNDA:0,(anonymous_4)
FNDA:0,(anonymous_5)
FNDA:0,(anonymous_6)
FNDA:0,(anonymous_7)
FNDA:0,(anonymous_8)
FNDA:0,(anonymous_9)
FNDA:0,(anonymous_10)
FNDA:0,(anonymous_11)
FNDA:0,(anonymous_12)
FNDA:0,(anonymous_13)
FNDA:0,(anonymous_14)
DA:15,0
DA:16,0
DA:17,0
DA:18,0
DA:19,0
DA:29,0
DA:31,0
DA:32,0
DA:33,0
DA:34,0
DA:35,0
DA:36,0
DA:37,0
DA:38,0
DA:40,0
DA:43,0
DA:44,0
DA:45,0
DA:46,0
DA:47,0
DA:48,0
DA:49,0
DA:50,0
DA:51,0
DA:52,0
DA:54,0
DA:56,0
DA:60,0
DA:70,0
DA:74,0
DA:79,0
DA:80,0
DA:83,0
DA:86,0
DA:92,0
DA:95,0
DA:99,0
DA:100,0
LF:38
LH:0
BRDA:33,0,0,0
BRDA:33,0,1,0
BRDA:36,1,0,0
BRDA:36,1,1,0
BRDA:38,2,0,0
BRDA:38,2,1,0
BRDA:47,3,0,0
BRDA:47,3,1,0
BRDA:50,4,0,0
BRDA:50,4,1,0
BRDA:50,5,0,0
BRDA:50,5,1,0
BRDA:102,6,0,0
BRDA:102,6,1,0
BRF:14
BRH:0
end_of_record
TN:
SF:app\financial\invoices\loading.tsx
FN:1,Loading
FNF:1
FNH:0
FNDA:0,Loading
DA:2,0
LF:1
LH:0
BRF:0
BRH:0
end_of_record
TN:
SF:app\financial\invoices\page.tsx
FN:14,InvoicesPage
FN:56,(anonymous_1)
FN:57,(anonymous_2)
FN:59,(anonymous_3)
FN:65,(anonymous_4)
FN:67,(anonymous_5)
FN:67,(anonymous_6)
FN:69,(anonymous_7)
FN:69,(anonymous_8)
FN:71,(anonymous_9)
FN:78,(anonymous_10)
FN:93,(anonymous_11)
FN:199,(anonymous_12)
FN:268,(anonymous_13)
FNF:14
FNH:0
FNDA:0,InvoicesPage
FNDA:0,(anonymous_1)
FNDA:0,(anonymous_2)
FNDA:0,(anonymous_3)
FNDA:0,(anonymous_4)
FNDA:0,(anonymous_5)
FNDA:0,(anonymous_6)
FNDA:0,(anonymous_7)
FNDA:0,(anonymous_8)
FNDA:0,(anonymous_9)
FNDA:0,(anonymous_10)
FNDA:0,(anonymous_11)
FNDA:0,(anonymous_12)
FNDA:0,(anonymous_13)
DA:15,0
DA:21,0
DA:23,0
DA:24,0
DA:28,0
DA:34,0
DA:35,0
DA:39,0
DA:40,0
DA:44,0
DA:55,0
DA:56,0
DA:57,0
DA:59,0
DA:60,0
DA:61,0
DA:62,0
DA:65,0
DA:67,0
DA:69,0
DA:71,0
DA:72,0
DA:78,0
DA:79,0
DA:81,0
DA:83,0
DA:85,0
DA:87,0
DA:89,0
DA:93,0
DA:94,0
DA:95,0
DA:96,0
DA:99,0
DA:200,0
DA:268,0
LF:36
LH:0
BRDA:23,0,0,0
BRDA:23,0,1,0
BRDA:23,1,0,0
BRDA:23,1,1,0
BRDA:34,2,0,0
BRDA:34,2,1,0
BRDA:34,3,0,0
BRDA:34,3,1,0
BRDA:39,4,0,0
BRDA:39,4,1,0
BRDA:55,5,0,0
BRDA:55,5,1,0
BRDA:56,6,0,0
BRDA:56,6,1,0
BRDA:57,7,0,0
BRDA:57,7,1,0
BRDA:59,8,0,0
BRDA:59,8,1,0
BRDA:60,9,0,0
BRDA:60,9,1,0
BRDA:65,10,0,0
BRDA:65,10,1,0
BRDA:65,11,0,0
BRDA:65,11,1,0
BRDA:67,12,0,0
BRDA:67,12,1,0
BRDA:67,13,0,0
BRDA:67,13,1,0
BRDA:69,14,0,0
BRDA:69,14,1,0
BRDA:69,15,0,0
BRDA:69,15,1,0
BRDA:79,16,0,0
BRDA:79,16,1,0
BRDA:79,16,2,0
BRDA:79,16,3,0
BRDA:79,16,4,0
BRDA:94,17,0,0
BRDA:94,17,1,0
BRDA:213,18,0,0
BRDA:213,18,1,0
BRDA:214,19,0,0
BRDA:214,19,1,0
BRDA:230,20,0,0
BRDA:230,20,1,0
BRDA:236,21,0,0
BRDA:236,21,1,0
BRDA:273,22,0,0
BRDA:273,22,1,0
BRDA:279,23,0,0
BRDA:279,23,1,0
BRDA:294,24,0,0
BRDA:294,24,1,0
BRDA:294,24,2,0
BRF:54
BRH:0
end_of_record
TN:
SF:app\financial\invoices\create\page.tsx
FN:27,CreateInvoicePage
FN:58,(anonymous_1)
FN:59,(anonymous_2)
FN:81,(anonymous_3)
FN:82,(anonymous_4)
FN:93,(anonymous_5)
FN:98,(anonymous_6)
FN:102,(anonymous_7)
FN:115,(anonymous_8)
FN:123,(anonymous_9)
FN:142,(anonymous_10)
FN:157,(anonymous_11)
FN:158,(anonymous_12)
FN:161,(anonymous_13)
FN:162,(anonymous_14)
FN:163,(anonymous_15)
FN:176,(anonymous_16)
FN:184,(anonymous_17)
FN:187,(anonymous_18)
FN:188,(anonymous_19)
FN:188,(anonymous_20)
FN:191,(anonymous_21)
FN:225,(anonymous_22)
FN:234,(anonymous_23)
FN:241,(anonymous_24)
FN:252,(anonymous_25)
FN:257,(anonymous_26)
FN:274,(anonymous_27)
FN:284,(anonymous_28)
FN:301,(anonymous_29)
FN:323,(anonymous_30)
FN:345,(anonymous_31)
FN:355,(anonymous_32)
FN:375,(anonymous_33)
FN:382,(anonymous_34)
FN:393,(anonymous_35)
FN:404,(anonymous_36)
FN:413,(anonymous_37)
FNF:38
FNH:0
FNDA:0,CreateInvoicePage
FNDA:0,(anonymous_1)
FNDA:0,(anonymous_2)
FNDA:0,(anonymous_3)
FNDA:0,(anonymous_4)
FNDA:0,(anonymous_5)
FNDA:0,(anonymous_6)
FNDA:0,(anonymous_7)
FNDA:0,(anonymous_8)
FNDA:0,(anonymous_9)
FNDA:0,(anonymous_10)
FNDA:0,(anonymous_11)
FNDA:0,(anonymous_12)
FNDA:0,(anonymous_13)
FNDA:0,(anonymous_14)
FNDA:0,(anonymous_15)
FNDA:0,(anonymous_16)
FNDA:0,(anonymous_17)
FNDA:0,(anonymous_18)
FNDA:0,(anonymous_19)
FNDA:0,(anonymous_20)
FNDA:0,(anonymous_21)
FNDA:0,(anonymous_22)
FNDA:0,(anonymous_23)
FNDA:0,(anonymous_24)
FNDA:0,(anonymous_25)
FNDA:0,(anonymous_26)
FNDA:0,(anonymous_27)
FNDA:0,(anonymous_28)
FNDA:0,(anonymous_29)
FNDA:0,(anonymous_30)
FNDA:0,(anonymous_31)
FNDA:0,(anonymous_32)
FNDA:0,(anonymous_33)
FNDA:0,(anonymous_34)
FNDA:0,(anonymous_35)
FNDA:0,(anonymous_36)
FNDA:0,(anonymous_37)
DA:28,0
DA:29,0
DA:30,0
DA:31,0
DA:32,0
DA:33,0
DA:35,0
DA:47,0
DA:58,0
DA:59,0
DA:60,0
DA:62,0
DA:63,0
DA:73,0
DA:74,0
DA:77,0
DA:81,0
DA:82,0
DA:83,0
DA:84,0
DA:85,0
DA:86,0
DA:89,0
DA:92,0
DA:93,0
DA:98,0
DA:99,0
DA:100,0
DA:101,0
DA:102,0
DA:106,0
DA:107,0
DA:110,0
DA:111,0
DA:112,0
DA:115,0
DA:116,0
DA:117,0
DA:118,0
DA:120,0
DA:121,0
DA:123,0
DA:124,0
DA:125,0
DA:127,0
DA:142,0
DA:145,0
DA:147,0
DA:149,0
DA:151,0
DA:153,0
DA:157,0
DA:158,0
DA:161,0
DA:162,0
DA:163,0
DA:164,0
DA:165,0
DA:166,0
DA:167,0
DA:169,0
DA:171,0
DA:176,0
DA:177,0
DA:184,0
DA:187,0
DA:188,0
DA:191,0
DA:192,0
DA:193,0
DA:195,0
DA:225,0
DA:234,0
DA:242,0
DA:252,0
DA:258,0
DA:274,0
DA:284,0
DA:301,0
DA:323,0
DA:345,0
DA:355,0
DA:376,0
DA:382,0
DA:393,0
DA:404,0
DA:413,0
LF:87
LH:0
BRDA:60,0,0,0
BRDA:60,0,1,0
BRDA:73,1,0,0
BRDA:73,1,1,0
BRDA:74,2,0,0
BRDA:74,2,1,0
BRDA:92,3,0,0
BRDA:92,3,1,0
BRDA:99,4,0,0
BRDA:99,4,1,0
BRDA:99,5,0,0
BRDA:99,5,1,0
BRDA:106,6,0,0
BRDA:106,6,1,0
BRDA:110,7,0,0
BRDA:110,7,1,0
BRDA:110,8,0,0
BRDA:110,8,1,0
BRDA:131,9,0,0
BRDA:131,9,1,0
BRDA:141,10,0,0
BRDA:141,10,1,0
BRDA:147,11,0,0
BRDA:147,11,1,0
BRDA:151,12,0,0
BRDA:151,12,1,0
BRDA:164,13,0,0
BRDA:164,13,1,0
BRDA:166,14,0,0
BRDA:166,14,1,0
BRDA:166,15,0,0
BRDA:166,15,1,0
BRDA:393,16,0,0
BRDA:393,16,1,0
BRDA:404,17,0,0
BRDA:404,17,1,0
BRDA:412,18,0,0
BRDA:412,18,1,0
BRDA:450,19,0,0
BRDA:450,19,1,0
BRDA:467,20,0,0
BRDA:467,20,1,0
BRF:42
BRH:0
end_of_record
TN:
SF:app\fleet\loading.tsx
FN:1,Loading
FNF:1
FNH:0
FNDA:0,Loading
DA:2,0
LF:1
LH:0
BRF:0
BRH:0
end_of_record
TN:
SF:app\fleet\page.tsx
FN:12,FleetPage
FN:50,(anonymous_1)
FN:51,(anonymous_2)
FN:52,(anonymous_3)
FN:54,(anonymous_4)
FN:69,(anonymous_5)
FN:179,(anonymous_6)
FNF:7
FNH:0
FNDA:0,FleetPage
FNDA:0,(anonymous_1)
FNDA:0,(anonymous_2)
FNDA:0,(anonymous_3)
FNDA:0,(anonymous_4)
FNDA:0,(anonymous_5)
FNDA:0,(anonymous_6)
DA:13,0
DA:19,0
DA:21,0
DA:22,0
DA:26,0
DA:32,0
DA:33,0
DA:37,0
DA:38,0
DA:42,0
DA:49,0
DA:50,0
DA:51,0
DA:52,0
DA:54,0
DA:55,0
DA:57,0
DA:59,0
DA:61,0
DA:63,0
DA:65,0
DA:69,0
DA:70,0
DA:72,0
DA:74,0
DA:76,0
DA:80,0
DA:180,0
LF:28
LH:0
BRDA:21,0,0,0
BRDA:21,0,1,0
BRDA:21,1,0,0
BRDA:21,1,1,0
BRDA:32,2,0,0
BRDA:32,2,1,0
BRDA:32,3,0,0
BRDA:32,3,1,0
BRDA:37,4,0,0
BRDA:37,4,1,0
BRDA:49,5,0,0
BRDA:49,5,1,0
BRDA:50,6,0,0
BRDA:50,6,1,0
BRDA:51,7,0,0
BRDA:51,7,1,0
BRDA:52,8,0,0
BRDA:52,8,1,0
BRDA:55,9,0,0
BRDA:55,9,1,0
BRDA:55,9,2,0
BRDA:55,9,3,0
BRDA:55,9,4,0
BRDA:70,10,0,0
BRDA:70,10,1,0
BRDA:70,10,2,0
BRDA:190,11,0,0
BRDA:190,11,1,0
BRDA:207,12,0,0
BRDA:207,12,1,0
BRDA:213,13,0,0
BRDA:213,13,1,0
BRDA:219,14,0,0
BRDA:219,14,1,0
BRDA:246,15,0,0
BRDA:246,15,1,0
BRDA:246,15,2,0
BRF:37
BRH:0
end_of_record
TN:
SF:app\fleet\[id]\page.tsx
FN:13,VehicleDetailPage
FN:55,(anonymous_1)
FN:70,(anonymous_2)
FN:81,(anonymous_3)
FNF:4
FNH:0
FNDA:0,VehicleDetailPage
FNDA:0,(anonymous_1)
FNDA:0,(anonymous_2)
FNDA:0,(anonymous_3)
DA:14,0
DA:15,0
DA:21,0
DA:23,0
DA:24,0
DA:28,0
DA:34,0
DA:35,0
DA:39,0
DA:40,0
DA:44,0
DA:51,0
DA:52,0
DA:55,0
DA:56,0
DA:58,0
DA:60,0
DA:62,0
DA:64,0
DA:66,0
DA:70,0
DA:71,0
DA:73,0
DA:75,0
DA:77,0
DA:81,0
DA:82,0
DA:83,0
DA:84,0
DA:85,0
DA:86,0
DA:89,0
LF:32
LH:0
BRDA:23,0,0,0
BRDA:23,0,1,0
BRDA:23,1,0,0
BRDA:23,1,1,0
BRDA:34,2,0,0
BRDA:34,2,1,0
BRDA:34,3,0,0
BRDA:34,3,1,0
BRDA:39,4,0,0
BRDA:39,4,1,0
BRDA:51,5,0,0
BRDA:51,5,1,0
BRDA:56,6,0,0
BRDA:56,6,1,0
BRDA:56,6,2,0
BRDA:56,6,3,0
BRDA:56,6,4,0
BRDA:71,7,0,0
BRDA:71,7,1,0
BRDA:71,7,2,0
BRDA:82,8,0,0
BRDA:82,8,1,0
BRDA:103,9,0,0
BRDA:103,9,1,0
BRDA:137,10,0,0
BRDA:137,10,1,0
BRDA:141,11,0,0
BRDA:141,11,1,0
BRDA:145,12,0,0
BRDA:145,12,1,0
BRDA:149,13,0,0
BRDA:149,13,1,0
BRDA:159,14,0,0
BRDA:159,14,1,0
BRDA:163,15,0,0
BRDA:163,15,1,0
BRDA:167,16,0,0
BRDA:167,16,1,0
BRDA:171,17,0,0
BRDA:171,17,1,0
BRDA:183,18,0,0
BRDA:183,18,1,0
BRDA:185,19,0,0
BRDA:185,19,1,0
BRDA:185,19,2,0
BRDA:194,20,0,0
BRDA:194,20,1,0
BRDA:196,21,0,0
BRDA:196,21,1,0
BRDA:196,21,2,0
BRDA:204,22,0,0
BRDA:204,22,1,0
BRDA:211,23,0,0
BRDA:211,23,1,0
BRDA:215,24,0,0
BRDA:215,24,1,0
BRDA:215,24,2,0
BRDA:263,25,0,0
BRDA:263,25,1,0
BRDA:263,25,2,0
BRDA:263,25,3,0
BRDA:275,26,0,0
BRDA:275,26,1,0
BRDA:280,27,0,0
BRDA:280,27,1,0
BRDA:285,28,0,0
BRDA:285,28,1,0
BRF:67
BRH:0
end_of_record
TN:
SF:app\fleet\add\page.tsx
FN:18,AddVehiclePage
FN:50,(anonymous_1)
FN:88,(anonymous_2)
FN:89,(anonymous_3)
FN:122,(anonymous_4)
FN:133,(anonymous_5)
FN:142,(anonymous_6)
FN:157,(anonymous_7)
FN:169,(anonymous_8)
FN:179,(anonymous_9)
FN:206,(anonymous_10)
FN:216,(anonymous_11)
FN:223,(anonymous_12)
FN:243,(anonymous_13)
FN:263,(anonymous_14)
FN:273,(anonymous_15)
FN:283,(anonymous_16)
FN:293,(anonymous_17)
FNF:18
FNH:0
FNDA:0,AddVehiclePage
FNDA:0,(anonymous_1)
FNDA:0,(anonymous_2)
FNDA:0,(anonymous_3)
FNDA:0,(anonymous_4)
FNDA:0,(anonymous_5)
FNDA:0,(anonymous_6)
FNDA:0,(anonymous_7)
FNDA:0,(anonymous_8)
FNDA:0,(anonymous_9)
FNDA:0,(anonymous_10)
FNDA:0,(anonymous_11)
FNDA:0,(anonymous_12)
FNDA:0,(anonymous_13)
FNDA:0,(anonymous_14)
FNDA:0,(anonymous_15)
FNDA:0,(anonymous_16)
FNDA:0,(anonymous_17)
DA:19,0
DA:20,0
DA:21,0
DA:22,0
DA:24,0
DA:41,0
DA:42,0
DA:45,0
DA:46,0
DA:47,0
DA:50,0
DA:51,0
DA:52,0
DA:53,0
DA:55,0
DA:56,0
DA:58,0
DA:76,0
DA:78,0
DA:80,0
DA:82,0
DA:84,0
DA:88,0
DA:89,0
DA:92,0
DA:122,0
DA:133,0
DA:142,0
DA:157,0
DA:169,0
DA:179,0
DA:206,0
DA:216,0
DA:223,0
DA:243,0
DA:263,0
DA:273,0
DA:283,0
DA:293,0
LF:39
LH:0
BRDA:41,0,0,0
BRDA:41,0,1,0
BRDA:45,1,0,0
BRDA:45,1,1,0
BRDA:45,2,0,0
BRDA:45,2,1,0
BRDA:61,3,0,0
BRDA:61,3,1,0
BRDA:62,4,0,0
BRDA:62,4,1,0
BRDA:63,5,0,0
BRDA:63,5,1,0
BRDA:64,6,0,0
BRDA:64,6,1,0
BRDA:65,7,0,0
BRDA:65,7,1,0
BRDA:66,8,0,0
BRDA:66,8,1,0
BRDA:67,9,0,0
BRDA:67,9,1,0
BRDA:69,10,0,0
BRDA:69,10,1,0
BRDA:70,11,0,0
BRDA:70,11,1,0
BRDA:71,12,0,0
BRDA:71,12,1,0
BRDA:72,13,0,0
BRDA:72,13,1,0
BRDA:73,14,0,0
BRDA:73,14,1,0
BRDA:78,15,0,0
BRDA:78,15,1,0
BRDA:82,16,0,0
BRDA:82,16,1,0
BRDA:301,17,0,0
BRDA:301,17,1,0
BRDA:318,18,0,0
BRDA:318,18,1,0
BRF:38
BRH:0
end_of_record
TN:
SF:app\loads\loading.tsx
FN:1,Loading
FNF:1
FNH:0
FNDA:0,Loading
DA:2,0
LF:1
LH:0
BRF:0
BRH:0
end_of_record
TN:
SF:app\loads\page.tsx
FN:12,LoadsPage
FN:55,(anonymous_1)
FN:56,(anonymous_2)
FN:57,(anonymous_3)
FN:59,(anonymous_4)
FN:76,(anonymous_5)
FN:181,(anonymous_6)
FNF:7
FNH:0
FNDA:0,LoadsPage
FNDA:0,(anonymous_1)
FNDA:0,(anonymous_2)
FNDA:0,(anonymous_3)
FNDA:0,(anonymous_4)
FNDA:0,(anonymous_5)
FNDA:0,(anonymous_6)
DA:13,0
DA:19,0
DA:21,0
DA:22,0
DA:26,0
DA:32,0
DA:33,0
DA:37,0
DA:38,0
DA:42,0
DA:54,0
DA:55,0
DA:56,0
DA:57,0
DA:59,0
DA:60,0
DA:62,0
DA:64,0
DA:66,0
DA:68,0
DA:70,0
DA:72,0
DA:76,0
DA:77,0
DA:78,0
DA:84,0
DA:182,0
LF:27
LH:0
BRDA:21,0,0,0
BRDA:21,0,1,0
BRDA:21,1,0,0
BRDA:21,1,1,0
BRDA:32,2,0,0
BRDA:32,2,1,0
BRDA:32,3,0,0
BRDA:32,3,1,0
BRDA:37,4,0,0
BRDA:37,4,1,0
BRDA:54,5,0,0
BRDA:54,5,1,0
BRDA:55,6,0,0
BRDA:55,6,1,0
BRDA:56,7,0,0
BRDA:56,7,1,0
BRDA:57,8,0,0
BRDA:57,8,1,0
BRDA:60,9,0,0
BRDA:60,9,1,0
BRDA:60,9,2,0
BRDA:60,9,3,0
BRDA:60,9,4,0
BRDA:60,9,5,0
BRDA:77,10,0,0
BRDA:77,10,1,0
BRDA:80,11,0,0
BRDA:80,11,1,0
BRDA:208,12,0,0
BRDA:208,12,1,0
BRDA:215,13,0,0
BRDA:215,13,1,0
BRDA:220,14,0,0
BRDA:220,14,1,0
BRDA:225,15,0,0
BRDA:225,15,1,0
BRDA:230,16,0,0
BRDA:230,16,1,0
BRDA:240,17,0,0
BRDA:240,17,1,0
BRDA:244,18,0,0
BRDA:244,18,1,0
BRDA:249,19,0,0
BRDA:249,19,1,0
BRDA:255,20,0,0
BRDA:255,20,1,0
BRDA:266,21,0,0
BRDA:266,21,1,0
BRDA:289,22,0,0
BRDA:289,22,1,0
BRDA:289,22,2,0
BRF:51
BRH:0
end_of_record
TN:
SF:app\loads\[id]\page.tsx
FN:13,LoadDetailPage
FN:71,(anonymous_1)
FN:88,(anonymous_2)
FN:290,(anonymous_3)
FNF:4
FNH:0
FNDA:0,LoadDetailPage
FNDA:0,(anonymous_1)
FNDA:0,(anonymous_2)
FNDA:0,(anonymous_3)
DA:14,0
DA:15,0
DA:21,0
DA:23,0
DA:24,0
DA:28,0
DA:34,0
DA:35,0
DA:39,0
DA:40,0
DA:44,0
DA:57,0
DA:58,0
DA:62,0
DA:71,0
DA:72,0
DA:74,0
DA:76,0
DA:78,0
DA:80,0
DA:82,0
DA:84,0
DA:88,0
DA:89,0
DA:90,0
DA:96,0
DA:291,0
LF:27
LH:0
BRDA:23,0,0,0
BRDA:23,0,1,0
BRDA:23,1,0,0
BRDA:23,1,1,0
BRDA:34,2,0,0
BRDA:34,2,1,0
BRDA:34,3,0,0
BRDA:34,3,1,0
BRDA:39,4,0,0
BRDA:39,4,1,0
BRDA:57,5,0,0
BRDA:57,5,1,0
BRDA:72,6,0,0
BRDA:72,6,1,0
BRDA:72,6,2,0
BRDA:72,6,3,0
BRDA:72,6,4,0
BRDA:72,6,5,0
BRDA:89,7,0,0
BRDA:89,7,1,0
BRDA:92,8,0,0
BRDA:92,8,1,0
BRDA:153,9,0,0
BRDA:153,9,1,0
BRDA:157,10,0,0
BRDA:157,10,1,0
BRDA:167,11,0,0
BRDA:167,11,1,0
BRDA:172,12,0,0
BRDA:172,12,1,0
BRDA:178,13,0,0
BRDA:178,13,1,0
BRDA:185,14,0,0
BRDA:185,14,1,0
BRDA:192,15,0,0
BRDA:192,15,1,0
BRDA:215,16,0,0
BRDA:215,16,1,0
BRDA:217,17,0,0
BRDA:217,17,1,0
BRDA:236,18,0,0
BRDA:236,18,1,0
BRDA:238,19,0,0
BRDA:238,19,1,0
BRDA:251,20,0,0
BRDA:251,20,1,0
BRDA:267,21,0,0
BRDA:267,21,1,0
BRDA:271,22,0,0
BRDA:271,22,1,0
BRDA:275,23,0,0
BRDA:275,23,1,0
BRDA:283,24,0,0
BRDA:283,24,1,0
BRDA:283,24,2,0
BRDA:293,25,0,0
BRDA:293,25,1,0
BRDA:294,26,0,0
BRDA:294,26,1,0
BRDA:305,27,0,0
BRDA:305,27,1,0
BRDA:311,28,0,0
BRDA:311,28,1,0
BRDA:312,29,0,0
BRDA:312,29,1,0
BRDA:327,30,0,0
BRDA:327,30,1,0
BRF:67
BRH:0
end_of_record
TN:
SF:app\loads\[id]\assign\page.tsx
FN:13,AssignLoadPage
FN:22,(anonymous_1)
FN:23,(anonymous_2)
FN:45,(anonymous_3)
FN:56,(anonymous_4)
FN:58,(anonymous_5)
FN:59,(anonymous_6)
FN:85,(anonymous_7)
FN:98,(anonymous_8)
FN:107,(anonymous_9)
FNF:10
FNH:0
FNDA:0,AssignLoadPage
FNDA:0,(anonymous_1)
FNDA:0,(anonymous_2)
FNDA:0,(anonymous_3)
FNDA:0,(anonymous_4)
FNDA:0,(anonymous_5)
FNDA:0,(anonymous_6)
FNDA:0,(anonymous_7)
FNDA:0,(anonymous_8)
FNDA:0,(anonymous_9)
DA:14,0
DA:15,0
DA:16,0
DA:17,0
DA:18,0
DA:19,0
DA:20,0
DA:22,0
DA:23,0
DA:24,0
DA:25,0
DA:26,0
DA:32,0
DA:34,0
DA:40,0
DA:42,0
DA:45,0
DA:46,0
DA:47,0
DA:48,0
DA:50,0
DA:51,0
DA:52,0
DA:53,0
DA:54,0
DA:55,0
DA:56,0
DA:57,0
DA:58,0
DA:59,0
DA:61,0
DA:62,0
DA:64,0
DA:66,0
DA:70,0
DA:86,0
DA:99,0
DA:107,0
LF:38
LH:0
BRDA:24,0,0,0
BRDA:24,0,1,0
BRDA:32,1,0,0
BRDA:32,1,1,0
BRDA:40,2,0,0
BRDA:40,2,1,0
BRDA:46,3,0,0
BRDA:46,3,1,0
BRDA:46,4,0,0
BRDA:46,4,1,0
BRDA:53,5,0,0
BRDA:53,5,1,0
BRDA:54,6,0,0
BRDA:54,6,1,0
BRDA:57,7,0,0
BRDA:57,7,1,0
BRDA:58,8,0,0
BRDA:58,8,1,0
BRDA:59,9,0,0
BRDA:59,9,1,0
BRDA:106,10,0,0
BRDA:106,10,1,0
BRF:22
BRH:0
end_of_record
TN:
SF:app\loads\[id]\track\page.tsx
FN:13,TrackLoadPage
FN:23,(anonymous_1)
FN:33,(anonymous_2)
FN:35,(anonymous_3)
FN:80,(anonymous_4)
FN:81,(anonymous_5)
FN:82,(anonymous_6)
FN:86,(anonymous_7)
FN:98,(anonymous_8)
FNF:9
FNH:0
FNDA:0,TrackLoadPage
FNDA:0,(anonymous_1)
FNDA:0,(anonymous_2)
FNDA:0,(anonymous_3)
FNDA:0,(anonymous_4)
FNDA:0,(anonymous_5)
FNDA:0,(anonymous_6)
FNDA:0,(anonymous_7)
FNDA:0,(anonymous_8)
DA:14,0
DA:15,0
DA:16,0
DA:17,0
DA:18,0
DA:19,0
DA:20,0
DA:21,0
DA:23,0
DA:24,0
DA:25,0
DA:30,0
DA:33,0
DA:35,0
DA:36,0
DA:37,0
DA:38,0
DA:39,0
DA:40,0
DA:41,0
DA:42,0
DA:43,0
DA:44,0
DA:45,0
DA:46,0
DA:47,0
DA:48,0
DA:49,0
DA:50,0
DA:51,0
DA:52,0
DA:54,0
DA:56,0
DA:60,0
DA:80,0
DA:81,0
DA:82,0
DA:86,0
DA:99,0
LF:39
LH:0
BRDA:30,0,0,0
BRDA:30,0,1,0
BRDA:41,1,0,0
BRDA:41,1,1,0
BRDA:42,2,0,0
BRDA:42,2,1,0
BRDA:43,3,0,0
BRDA:43,3,1,0
BRDA:46,4,0,0
BRDA:46,4,1,0
BRDA:46,5,0,0
BRDA:46,5,1,0
BRDA:88,6,0,0
BRDA:88,6,1,0
BRDA:102,7,0,0
BRDA:102,7,1,0
BRDA:102,8,0,0
BRDA:102,8,1,0
BRDA:103,9,0,0
BRDA:103,9,1,0
BRDA:108,10,0,0
BRDA:108,10,1,0
BRF:22
BRH:0
end_of_record
TN:
SF:app\loads\create\page.tsx
FN:19,CreateLoadPage
FN:46,(anonymous_1)
FN:47,(anonymous_2)
FN:65,(anonymous_3)
FN:66,(anonymous_4)
FN:77,(anonymous_5)
FN:90,(anonymous_6)
FN:132,(anonymous_7)
FN:133,(anonymous_8)
FN:166,(anonymous_9)
FN:175,(anonymous_10)
FN:182,(anonymous_11)
FN:196,(anonymous_12)
FN:211,(anonymous_13)
FN:223,(anonymous_14)
FN:243,(anonymous_15)
FN:255,(anonymous_16)
FN:263,(anonymous_17)
FN:286,(anonymous_18)
FN:304,(anonymous_19)
FN:316,(anonymous_20)
FN:324,(anonymous_21)
FN:347,(anonymous_22)
FN:368,(anonymous_23)
FN:376,(anonymous_24)
FN:397,(anonymous_25)
FNF:26
FNH:0
FNDA:0,CreateLoadPage
FNDA:0,(anonymous_1)
FNDA:0,(anonymous_2)
FNDA:0,(anonymous_3)
FNDA:0,(anonymous_4)
FNDA:0,(anonymous_5)
FNDA:0,(anonymous_6)
FNDA:0,(anonymous_7)
FNDA:0,(anonymous_8)
FNDA:0,(anonymous_9)
FNDA:0,(anonymous_10)
FNDA:0,(anonymous_11)
FNDA:0,(anonymous_12)
FNDA:0,(anonymous_13)
FNDA:0,(anonymous_14)
FNDA:0,(anonymous_15)
FNDA:0,(anonymous_16)
FNDA:0,(anonymous_17)
FNDA:0,(anonymous_18)
FNDA:0,(anonymous_19)
FNDA:0,(anonymous_20)
FNDA:0,(anonymous_21)
FNDA:0,(anonymous_22)
FNDA:0,(anonymous_23)
FNDA:0,(anonymous_24)
FNDA:0,(anonymous_25)
DA:20,0
DA:21,0
DA:22,0
DA:23,0
DA:24,0
DA:26,0
DA:46,0
DA:47,0
DA:48,0
DA:50,0
DA:51,0
DA:58,0
DA:61,0
DA:65,0
DA:66,0
DA:67,0
DA:68,0
DA:69,0
DA:70,0
DA:73,0
DA:76,0
DA:77,0
DA:81,0
DA:82,0
DA:85,0
DA:86,0
DA:87,0
DA:90,0
DA:91,0
DA:92,0
DA:93,0
DA:95,0
DA:96,0
DA:98,0
DA:120,0
DA:122,0
DA:124,0
DA:126,0
DA:128,0
DA:132,0
DA:133,0
DA:136,0
DA:166,0
DA:175,0
DA:183,0
DA:196,0
DA:211,0
DA:223,0
DA:243,0
DA:255,0
DA:263,0
DA:286,0
DA:304,0
DA:316,0
DA:324,0
DA:347,0
DA:368,0
DA:376,0
DA:397,0
LF:59
LH:0
BRDA:48,0,0,0
BRDA:48,0,1,0
BRDA:58,1,0,0
BRDA:58,1,1,0
BRDA:76,2,0,0
BRDA:76,2,1,0
BRDA:81,3,0,0
BRDA:81,3,1,0
BRDA:85,4,0,0
BRDA:85,4,1,0
BRDA:85,5,0,0
BRDA:85,5,1,0
BRDA:102,6,0,0
BRDA:102,6,1,0
BRDA:103,7,0,0
BRDA:103,7,1,0
BRDA:104,8,0,0
BRDA:104,8,1,0
BRDA:106,9,0,0
BRDA:106,9,1,0
BRDA:107,10,0,0
BRDA:107,10,1,0
BRDA:108,11,0,0
BRDA:108,11,1,0
BRDA:110,12,0,0
BRDA:110,12,1,0
BRDA:111,13,0,0
BRDA:111,13,1,0
BRDA:112,14,0,0
BRDA:112,14,1,0
BRDA:113,15,0,0
BRDA:113,15,1,0
BRDA:115,16,0,0
BRDA:115,16,1,0
BRDA:122,17,0,0
BRDA:122,17,1,0
BRDA:126,18,0,0
BRDA:126,18,1,0
BRDA:406,19,0,0
BRDA:406,19,1,0
BRDA:423,20,0,0
BRDA:423,20,1,0
BRF:42
BRH:0
end_of_record
TN:
SF:app\onboard\page.tsx
FN:21,OnboardPage
FN:54,(anonymous_1)
FN:58,(anonymous_2)
FN:62,(anonymous_3)
FN:121,(anonymous_4)
FN:133,(anonymous_5)
FN:142,(anonymous_6)
FN:152,(anonymous_7)
FN:159,(anonymous_8)
FN:185,(anonymous_9)
FN:194,(anonymous_10)
FN:204,(anonymous_11)
FN:215,(anonymous_12)
FN:223,(anonymous_13)
FN:237,(anonymous_14)
FN:254,(anonymous_15)
FN:259,(anonymous_16)
FN:263,(anonymous_17)
FN:275,(anonymous_18)
FN:280,(anonymous_19)
FN:286,(anonymous_20)
FN:306,(anonymous_21)
FN:311,(anonymous_22)
FN:317,(anonymous_23)
FN:340,(anonymous_24)
FN:349,(anonymous_25)
FN:361,(anonymous_26)
FN:370,(anonymous_27)
FN:382,(anonymous_28)
FN:392,(anonymous_29)
FN:463,(anonymous_30)
FNF:31
FNH:0
FNDA:0,OnboardPage
FNDA:0,(anonymous_1)
FNDA:0,(anonymous_2)
FNDA:0,(anonymous_3)
FNDA:0,(anonymous_4)
FNDA:0,(anonymous_5)
FNDA:0,(anonymous_6)
FNDA:0,(anonymous_7)
FNDA:0,(anonymous_8)
FNDA:0,(anonymous_9)
FNDA:0,(anonymous_10)
FNDA:0,(anonymous_11)
FNDA:0,(anonymous_12)
FNDA:0,(anonymous_13)
FNDA:0,(anonymous_14)
FNDA:0,(anonymous_15)
FNDA:0,(anonymous_16)
FNDA:0,(anonymous_17)
FNDA:0,(anonymous_18)
FNDA:0,(anonymous_19)
FNDA:0,(anonymous_20)
FNDA:0,(anonymous_21)
FNDA:0,(anonymous_22)
FNDA:0,(anonymous_23)
FNDA:0,(anonymous_24)
FNDA:0,(anonymous_25)
FNDA:0,(anonymous_26)
FNDA:0,(anonymous_27)
FNDA:0,(anonymous_28)
FNDA:0,(anonymous_29)
FNDA:0,(anonymous_30)
DA:14,0
DA:22,0
DA:23,0
DA:24,0
DA:25,0
DA:27,0
DA:54,0
DA:55,0
DA:58,0
DA:59,0
DA:62,0
DA:63,0
DA:64,0
DA:66,0
DA:67,0
DA:68,0
DA:69,0
DA:72,0
DA:73,0
DA:74,0
DA:76,0
DA:90,0
DA:93,0
DA:111,0
DA:113,0
DA:115,0
DA:117,0
DA:121,0
DA:122,0
DA:124,0
DA:133,0
DA:142,0
DA:152,0
DA:159,0
DA:185,0
DA:194,0
DA:204,0
DA:215,0
DA:223,0
DA:231,0
DA:237,0
DA:255,0
DA:260,0
DA:261,0
DA:263,0
DA:276,0
DA:281,0
DA:282,0
DA:284,0
DA:286,0
DA:307,0
DA:312,0
DA:313,0
DA:315,0
DA:317,0
DA:331,0
DA:340,0
DA:349,0
DA:361,0
DA:370,0
DA:382,0
DA:392,0
DA:400,0
DA:449,0
DA:453,0
DA:464,0
DA:465,0
DA:466,0
DA:468,0
LF:69
LH:0
BRDA:55,0,0,0
BRDA:55,0,1,0
BRDA:59,1,0,0
BRDA:59,1,1,0
BRDA:66,2,0,0
BRDA:66,2,1,0
BRDA:80,3,0,0
BRDA:80,3,1,0
BRDA:86,4,0,0
BRDA:86,4,1,0
BRDA:90,5,0,0
BRDA:90,5,1,0
BRDA:111,6,0,0
BRDA:111,6,1,0
BRDA:115,7,0,0
BRDA:115,7,1,0
BRDA:122,8,0,0
BRDA:122,8,1,0
BRDA:122,8,2,0
BRDA:122,8,3,0
BRDA:122,8,4,0
BRDA:260,9,0,0
BRDA:260,9,1,0
BRDA:281,10,0,0
BRDA:281,10,1,0
BRDA:312,11,0,0
BRDA:312,11,1,0
BRDA:472,12,0,0
BRDA:472,12,1,0
BRDA:474,13,0,0
BRDA:474,13,1,0
BRDA:479,14,0,0
BRDA:479,14,1,0
BRDA:481,15,0,0
BRDA:481,15,1,0
BRDA:495,16,0,0
BRDA:495,16,1,0
BRDA:496,17,0,0
BRDA:496,17,1,0
BRDA:497,18,0,0
BRDA:497,18,1,0
BRDA:498,19,0,0
BRDA:498,19,1,0
BRDA:504,20,0,0
BRDA:504,20,1,0
BRDA:511,21,0,0
BRDA:511,21,1,0
BRDA:515,22,0,0
BRDA:515,22,1,0
BRF:49
BRH:0
end_of_record
TN:
SF:app\onboard\success\page.tsx
FN:6,OnboardSuccessPage
FNF:1
FNH:0
FNDA:0,OnboardSuccessPage
DA:7,0
LF:1
LH:0
BRF:0
BRH:0
end_of_record
TN:
SF:app\portal\layout.tsx
FN:9,PortalLayout
FNF:1
FNH:0
FNDA:0,PortalLayout
DA:4,0
DA:14,0
LF:2
LH:0
BRF:0
BRH:0
end_of_record
TN:
SF:app\portal\page.tsx
FN:21,CustomerPortalPage
FN:34,(anonymous_1)
FN:35,(anonymous_2)
FN:59,(anonymous_3)
FN:60,(anonymous_4)
FN:62,(anonymous_5)
FN:71,(anonymous_6)
FN:73,(anonymous_7)
FN:74,(anonymous_8)
FN:76,(anonymous_9)
FN:101,(anonymous_10)
FN:202,(anonymous_11)
FN:254,(anonymous_12)
FNF:13
FNH:0
FNDA:0,CustomerPortalPage
FNDA:0,(anonymous_1)
FNDA:0,(anonymous_2)
FNDA:0,(anonymous_3)
FNDA:0,(anonymous_4)
FNDA:0,(anonymous_5)
FNDA:0,(anonymous_6)
FNDA:0,(anonymous_7)
FNDA:0,(anonymous_8)
FNDA:0,(anonymous_9)
FNDA:0,(anonymous_10)
FNDA:0,(anonymous_11)
FNDA:0,(anonymous_12)
DA:22,0
DA:23,0
DA:24,0
DA:30,0
DA:31,0
DA:32,0
DA:34,0
DA:35,0
DA:36,0
DA:38,0
DA:40,0
DA:42,0
DA:50,0
DA:57,0
DA:58,0
DA:59,0
DA:60,0
DA:62,0
DA:69,0
DA:70,0
DA:71,0
DA:72,0
DA:73,0
DA:74,0
DA:76,0
DA:83,0
DA:85,0
DA:89,0
DA:92,0
DA:93,0
DA:96,0
DA:97,0
DA:98,0
DA:101,0
DA:102,0
DA:104,0
DA:106,0
DA:108,0
DA:110,0
DA:112,0
DA:114,0
DA:116,0
DA:120,0
DA:203,0
DA:255,0
LF:45
LH:0
BRDA:36,0,0,0
BRDA:36,0,1,0
BRDA:57,1,0,0
BRDA:57,1,1,0
BRDA:69,2,0,0
BRDA:69,2,1,0
BRDA:92,3,0,0
BRDA:92,3,1,0
BRDA:92,4,0,0
BRDA:92,4,1,0
BRDA:96,5,0,0
BRDA:96,5,1,0
BRDA:96,6,0,0
BRDA:96,6,1,0
BRDA:102,7,0,0
BRDA:102,7,1,0
BRDA:102,7,2,0
BRDA:102,7,3,0
BRDA:102,7,4,0
BRDA:102,7,5,0
BRDA:102,7,6,0
BRDA:201,8,0,0
BRDA:201,8,1,0
BRDA:253,9,0,0
BRDA:253,9,1,0
BRF:25
BRH:0
end_of_record
TN:
SF:app\portal\invoices\page.tsx
FN:10,PortalInvoicesPage
FN:14,(anonymous_1)
FN:15,(anonymous_2)
FN:28,(anonymous_3)
FN:39,(anonymous_4)
FNF:5
FNH:0
FNDA:0,PortalInvoicesPage
FNDA:0,(anonymous_1)
FNDA:0,(anonymous_2)
FNDA:0,(anonymous_3)
FNDA:0,(anonymous_4)
DA:11,0
DA:12,0
DA:14,0
DA:15,0
DA:16,0
DA:17,0
DA:18,0
DA:23,0
DA:25,0
DA:28,0
DA:29,0
DA:32,0
DA:40,0
LF:13
LH:0
BRDA:16,0,0,0
BRDA:16,0,1,0
BRDA:23,1,0,0
BRDA:23,1,1,0
BRDA:29,2,0,0
BRDA:29,2,1,0
BRDA:29,2,2,0
BRDA:51,3,0,0
BRDA:51,3,1,0
BRF:9
BRH:0
end_of_record
TN:
SF:app\portal\quotes\page.tsx
FN:11,PortalQuotesPage
FN:16,(anonymous_1)
FN:26,(anonymous_2)
FN:28,(anonymous_3)
FN:40,(anonymous_4)
FN:51,(anonymous_5)
FN:61,(anonymous_6)
FN:62,(anonymous_7)
FNF:8
FNH:0
FNDA:0,PortalQuotesPage
FNDA:0,(anonymous_1)
FNDA:0,(anonymous_2)
FNDA:0,(anonymous_3)
FNDA:0,(anonymous_4)
FNDA:0,(anonymous_5)
FNDA:0,(anonymous_6)
FNDA:0,(anonymous_7)
DA:12,0
DA:13,0
DA:14,0
DA:16,0
DA:17,0
DA:18,0
DA:23,0
DA:26,0
DA:28,0
DA:29,0
DA:30,0
DA:31,0
DA:32,0
DA:33,0
DA:34,0
DA:36,0
DA:40,0
DA:41,0
DA:44,0
DA:52,0
DA:61,0
DA:62,0
LF:22
LH:0
BRDA:17,0,0,0
BRDA:17,0,1,0
BRDA:23,1,0,0
BRDA:23,1,1,0
BRDA:32,2,0,0
BRDA:32,2,1,0
BRDA:32,3,0,0
BRDA:32,3,1,0
BRDA:41,4,0,0
BRDA:41,4,1,0
BRDA:41,4,2,0
BRDA:41,4,3,0
BRDA:59,5,0,0
BRDA:59,5,1,0
BRDA:68,6,0,0
BRDA:68,6,1,0
BRF:16
BRH:0
end_of_record
TN:
SF:app\portal\shipments\loading.tsx
FN:1,Loading
FNF:1
FNH:0
FNDA:0,Loading
DA:2,0
LF:1
LH:0
BRF:0
BRH:0
end_of_record
TN:
SF:app\portal\shipments\page.tsx
FN:16,CustomerShipmentsPage
FN:25,(anonymous_1)
FN:26,(anonymous_2)
FN:52,(anonymous_3)
FN:57,(anonymous_4)
FN:65,(anonymous_5)
FN:80,(anonymous_6)
FN:122,(anonymous_7)
FN:146,(anonymous_8)
FNF:9
FNH:0
FNDA:0,CustomerShipmentsPage
FNDA:0,(anonymous_1)
FNDA:0,(anonymous_2)
FNDA:0,(anonymous_3)
FNDA:0,(anonymous_4)
FNDA:0,(anonymous_5)
FNDA:0,(anonymous_6)
FNDA:0,(anonymous_7)
FNDA:0,(anonymous_8)
DA:17,0
DA:18,0
DA:19,0
DA:20,0
DA:21,0
DA:22,0
DA:23,0
DA:25,0
DA:26,0
DA:27,0
DA:29,0
DA:31,0
DA:32,0
DA:38,0
DA:39,0
DA:40,0
DA:43,0
DA:45,0
DA:49,0
DA:52,0
DA:53,0
DA:55,0
DA:56,0
DA:58,0
DA:64,0
DA:65,0
DA:68,0
DA:71,0
DA:72,0
DA:75,0
DA:76,0
DA:77,0
DA:80,0
DA:81,0
DA:83,0
DA:85,0
DA:87,0
DA:89,0
DA:91,0
DA:95,0
DA:122,0
DA:147,0
LF:42
LH:0
BRDA:27,0,0,0
BRDA:27,0,1,0
BRDA:38,1,0,0
BRDA:38,1,1,0
BRDA:55,2,0,0
BRDA:55,2,1,0
BRDA:58,3,0,0
BRDA:58,3,1,0
BRDA:58,3,2,0
BRDA:64,4,0,0
BRDA:64,4,1,0
BRDA:71,5,0,0
BRDA:71,5,1,0
BRDA:71,6,0,0
BRDA:71,6,1,0
BRDA:75,7,0,0
BRDA:75,7,1,0
BRDA:75,8,0,0
BRDA:75,8,1,0
BRDA:81,9,0,0
BRDA:81,9,1,0
BRDA:81,9,2,0
BRDA:81,9,3,0
BRDA:81,9,4,0
BRDA:145,10,0,0
BRDA:145,10,1,0
BRDA:196,11,0,0
BRDA:196,11,1,0
BRDA:196,12,0,0
BRDA:196,12,1,0
BRF:30
BRH:0
end_of_record
TN:
SF:app\portal\shipments\[id]\page.tsx
FN:20,ShipmentDetailPage
FN:27,(anonymous_1)
FN:28,(anonymous_2)
FN:90,(anonymous_3)
FNF:4
FNH:0
FNDA:0,ShipmentDetailPage
FNDA:0,(anonymous_1)
FNDA:0,(anonymous_2)
FNDA:0,(anonymous_3)
DA:21,0
DA:22,0
DA:23,0
DA:24,0
DA:25,0
DA:27,0
DA:28,0
DA:29,0
DA:31,0
DA:33,0
DA:34,0
DA:41,0
DA:42,0
DA:43,0
DA:46,0
DA:48,0
DA:50,0
DA:54,0
DA:57,0
DA:58,0
DA:61,0
DA:62,0
DA:63,0
DA:66,0
DA:67,0
DA:90,0
DA:91,0
DA:93,0
DA:95,0
DA:97,0
DA:99,0
DA:101,0
DA:105,0
LF:33
LH:0
BRDA:29,0,0,0
BRDA:29,0,1,0
BRDA:41,1,0,0
BRDA:41,1,1,0
BRDA:57,2,0,0
BRDA:57,2,1,0
BRDA:57,3,0,0
BRDA:57,3,1,0
BRDA:61,4,0,0
BRDA:61,4,1,0
BRDA:61,5,0,0
BRDA:61,5,1,0
BRDA:66,6,0,0
BRDA:66,6,1,0
BRDA:66,7,0,0
BRDA:66,7,1,0
BRDA:91,8,0,0
BRDA:91,8,1,0
BRDA:91,8,2,0
BRDA:91,8,3,0
BRDA:91,8,4,0
BRDA:187,9,0,0
BRDA:187,9,1,0
BRDA:213,10,0,0
BRDA:213,10,1,0
BRDA:225,11,0,0
BRDA:225,11,1,0
BRF:27
BRH:0
end_of_record
TN:
SF:app\quotes\page.tsx
FN:13,QuotesPage
FN:55,(anonymous_1)
FN:56,(anonymous_2)
FN:57,(anonymous_3)
FN:58,(anonymous_4)
FN:59,(anonymous_5)
FN:64,(anonymous_6)
FN:65,(anonymous_7)
FN:65,(anonymous_8)
FN:67,(anonymous_9)
FN:74,(anonymous_10)
FN:93,(anonymous_11)
FN:203,(anonymous_12)
FNF:13
FNH:0
FNDA:0,QuotesPage
FNDA:0,(anonymous_1)
FNDA:0,(anonymous_2)
FNDA:0,(anonymous_3)
FNDA:0,(anonymous_4)
FNDA:0,(anonymous_5)
FNDA:0,(anonymous_6)
FNDA:0,(anonymous_7)
FNDA:0,(anonymous_8)
FNDA:0,(anonymous_9)
FNDA:0,(anonymous_10)
FNDA:0,(anonymous_11)
FNDA:0,(anonymous_12)
DA:14,0
DA:20,0
DA:22,0
DA:23,0
DA:27,0
DA:33,0
DA:34,0
DA:38,0
DA:39,0
DA:43,0
DA:54,0
DA:55,0
DA:56,0
DA:57,0
DA:58,0
DA:59,0
DA:60,0
DA:61,0
DA:64,0
DA:65,0
DA:67,0
DA:68,0
DA:74,0
DA:75,0
DA:77,0
DA:79,0
DA:81,0
DA:83,0
DA:85,0
DA:87,0
DA:89,0
DA:93,0
DA:94,0
DA:97,0
DA:204,0
LF:35
LH:0
BRDA:22,0,0,0
BRDA:22,0,1,0
BRDA:22,1,0,0
BRDA:22,1,1,0
BRDA:33,2,0,0
BRDA:33,2,1,0
BRDA:33,3,0,0
BRDA:33,3,1,0
BRDA:38,4,0,0
BRDA:38,4,1,0
BRDA:54,5,0,0
BRDA:54,5,1,0
BRDA:55,6,0,0
BRDA:55,6,1,0
BRDA:56,7,0,0
BRDA:56,7,1,0
BRDA:57,8,0,0
BRDA:57,8,1,0
BRDA:58,9,0,0
BRDA:58,9,1,0
BRDA:59,10,0,0
BRDA:59,10,1,0
BRDA:60,11,0,0
BRDA:60,11,1,0
BRDA:64,12,0,0
BRDA:64,12,1,0
BRDA:64,13,0,0
BRDA:64,13,1,0
BRDA:65,14,0,0
BRDA:65,14,1,0
BRDA:65,15,0,0
BRDA:65,15,1,0
BRDA:67,16,0,0
BRDA:75,17,0,0
BRDA:75,17,1,0
BRDA:75,17,2,0
BRDA:75,17,3,0
BRDA:75,17,4,0
BRDA:75,17,5,0
BRDA:75,17,6,0
BRDA:94,18,0,0
BRDA:94,18,1,0
BRDA:214,19,0,0
BRDA:214,19,1,0
BRDA:227,20,0,0
BRDA:227,20,1,0
BRDA:228,21,0,0
BRDA:228,21,1,0
BRDA:249,22,0,0
BRDA:249,22,1,0
BRDA:269,23,0,0
BRDA:269,23,1,0
BRDA:275,24,0,0
BRDA:275,24,1,0
BRDA:275,24,2,0
BRDA:290,25,0,0
BRDA:290,25,1,0
BRDA:290,25,2,0
BRF:58
BRH:0
end_of_record
TN:
SF:app\quotes\[id]\page.tsx
FN:14,QuoteDetailPage
FN:61,(anonymous_1)
FN:68,(anonymous_2)
FN:87,(anonymous_3)
FNF:4
FNH:0
FNDA:0,QuoteDetailPage
FNDA:0,(anonymous_1)
FNDA:0,(anonymous_2)
FNDA:0,(anonymous_3)
DA:15,0
DA:16,0
DA:22,0
DA:24,0
DA:25,0
DA:29,0
DA:35,0
DA:36,0
DA:40,0
DA:41,0
DA:45,0
DA:57,0
DA:58,0
DA:61,0
DA:62,0
DA:68,0
DA:69,0
DA:71,0
DA:73,0
DA:75,0
DA:77,0
DA:79,0
DA:81,0
DA:83,0
DA:87,0
DA:88,0
DA:91,0
DA:93,0
LF:28
LH:0
BRDA:24,0,0,0
BRDA:24,0,1,0
BRDA:24,1,0,0
BRDA:24,1,1,0
BRDA:35,2,0,0
BRDA:35,2,1,0
BRDA:35,3,0,0
BRDA:35,3,1,0
BRDA:40,4,0,0
BRDA:40,4,1,0
BRDA:57,5,0,0
BRDA:57,5,1,0
BRDA:61,6,0,0
BRDA:69,7,0,0
BRDA:69,7,1,0
BRDA:69,7,2,0
BRDA:69,7,3,0
BRDA:69,7,4,0
BRDA:69,7,5,0
BRDA:69,7,6,0
BRDA:88,8,0,0
BRDA:88,8,1,0
BRDA:91,9,0,0
BRDA:91,9,1,0
BRDA:150,10,0,0
BRDA:150,10,1,0
BRDA:171,11,0,0
BRDA:171,11,1,0
BRDA:183,12,0,0
BRDA:183,12,1,0
BRDA:187,13,0,0
BRDA:187,13,1,0
BRDA:191,14,0,0
BRDA:191,14,1,0
BRDA:196,15,0,0
BRDA:196,15,1,0
BRDA:197,16,0,0
BRDA:197,16,1,0
BRDA:197,17,0,0
BRDA:197,17,1,0
BRDA:206,18,0,0
BRDA:206,18,1,0
BRDA:272,19,0,0
BRDA:272,19,1,0
BRDA:272,19,2,0
BRDA:278,20,0,0
BRDA:278,20,1,0
BRDA:284,21,0,0
BRDA:284,21,1,0
BRDA:318,22,0,0
BRDA:318,22,1,0
BRDA:325,23,0,0
BRDA:325,23,1,0
BRDA:368,24,0,0
BRDA:368,24,1,0
BRDA:385,25,0,0
BRDA:385,25,1,0
BRDA:385,25,2,0
BRF:58
BRH:0
end_of_record
TN:
SF:app\quotes\[id]\edit\page.tsx
FN:30,EditQuotePage
FN:63,(anonymous_1)
FN:64,(anonymous_2)
FN:147,(anonymous_3)
FN:148,(anonymous_4)
FN:151,(anonymous_5)
FN:152,(anonymous_6)
FN:153,(anonymous_7)
FN:166,(anonymous_8)
FN:174,(anonymous_9)
FN:177,(anonymous_10)
FN:179,(anonymous_11)
FN:179,(anonymous_12)
FN:183,(anonymous_13)
FN:184,(anonymous_14)
FN:194,(anonymous_15)
FN:266,(anonymous_16)
FN:272,(anonymous_17)
FN:294,(anonymous_18)
FN:304,(anonymous_19)
FN:311,(anonymous_20)
FN:316,(anonymous_21)
FN:327,(anonymous_22)
FN:333,(anonymous_23)
FN:359,(anonymous_24)
FN:369,(anonymous_25)
FN:380,(anonymous_26)
FN:402,(anonymous_27)
FN:409,(anonymous_28)
FN:421,(anonymous_29)
FN:432,(anonymous_30)
FN:449,(anonymous_31)
FN:496,(anonymous_32)
FNF:33
FNH:0
FNDA:0,EditQuotePage
FNDA:0,(anonymous_1)
FNDA:0,(anonymous_2)
FNDA:0,(anonymous_3)
FNDA:0,(anonymous_4)
FNDA:0,(anonymous_5)
FNDA:0,(anonymous_6)
FNDA:0,(anonymous_7)
FNDA:0,(anonymous_8)
FNDA:0,(anonymous_9)
FNDA:0,(anonymous_10)
FNDA:0,(anonymous_11)
FNDA:0,(anonymous_12)
FNDA:0,(anonymous_13)
FNDA:0,(anonymous_14)
FNDA:0,(anonymous_15)
FNDA:0,(anonymous_16)
FNDA:0,(anonymous_17)
FNDA:0,(anonymous_18)
FNDA:0,(anonymous_19)
FNDA:0,(anonymous_20)
FNDA:0,(anonymous_21)
FNDA:0,(anonymous_22)
FNDA:0,(anonymous_23)
FNDA:0,(anonymous_24)
FNDA:0,(anonymous_25)
FNDA:0,(anonymous_26)
FNDA:0,(anonymous_27)
FNDA:0,(anonymous_28)
FNDA:0,(anonymous_29)
FNDA:0,(anonymous_30)
FNDA:0,(anonymous_31)
FNDA:0,(anonymous_32)
DA:31,0
DA:32,0
DA:33,0
DA:34,0
DA:35,0
DA:36,0
DA:37,0
DA:38,0
DA:40,0
DA:52,0
DA:63,0
DA:64,0
DA:65,0
DA:67,0
DA:74,0
DA:95,0
DA:96,0
DA:97,0
DA:100,0
DA:101,0
DA:102,0
DA:105,0
DA:118,0
DA:128,0
DA:131,0
DA:134,0
DA:135,0
DA:138,0
DA:139,0
DA:140,0
DA:143,0
DA:144,0
DA:147,0
DA:148,0
DA:151,0
DA:152,0
DA:153,0
DA:154,0
DA:155,0
DA:156,0
DA:157,0
DA:159,0
DA:161,0
DA:166,0
DA:167,0
DA:174,0
DA:177,0
DA:178,0
DA:179,0
DA:183,0
DA:184,0
DA:185,0
DA:186,0
DA:187,0
DA:189,0
DA:192,0
DA:194,0
DA:195,0
DA:196,0
DA:197,0
DA:199,0
DA:200,0
DA:202,0
DA:217,0
DA:223,0
DA:225,0
DA:227,0
DA:229,0
DA:233,0
DA:266,0
DA:272,0
DA:294,0
DA:304,0
DA:311,0
DA:317,0
DA:327,0
DA:334,0
DA:359,0
DA:369,0
DA:380,0
DA:403,0
DA:409,0
DA:421,0
DA:432,0
DA:449,0
DA:496,0
LF:86
LH:0
BRDA:65,0,0,0
BRDA:65,0,1,0
BRDA:65,1,0,0
BRDA:65,1,1,0
BRDA:95,2,0,0
BRDA:95,2,1,0
BRDA:95,3,0,0
BRDA:95,3,1,0
BRDA:101,4,0,0
BRDA:101,4,1,0
BRDA:102,5,0,0
BRDA:102,5,1,0
BRDA:108,6,0,0
BRDA:108,6,1,0
BRDA:113,7,0,0
BRDA:113,7,1,0
BRDA:114,8,0,0
BRDA:114,8,1,0
BRDA:134,9,0,0
BRDA:134,9,1,0
BRDA:134,10,0,0
BRDA:134,10,1,0
BRDA:138,11,0,0
BRDA:138,11,1,0
BRDA:138,12,0,0
BRDA:138,12,1,0
BRDA:143,13,0,0
BRDA:143,13,1,0
BRDA:154,14,0,0
BRDA:154,14,1,0
BRDA:156,15,0,0
BRDA:156,15,1,0
BRDA:156,16,0,0
BRDA:156,16,1,0
BRDA:178,17,0,0
BRDA:178,17,1,0
BRDA:205,18,0,0
BRDA:205,18,1,0
BRDA:212,19,0,0
BRDA:212,19,1,0
BRDA:213,20,0,0
BRDA:213,20,1,0
BRDA:223,21,0,0
BRDA:223,21,1,0
BRDA:227,22,0,0
BRDA:227,22,1,0
BRDA:421,23,0,0
BRDA:421,23,1,0
BRDA:432,24,0,0
BRDA:432,24,1,0
BRDA:444,25,0,0
BRDA:444,25,1,0
BRDA:481,26,0,0
BRDA:481,26,1,0
BRDA:496,27,0,0
BRDA:496,27,1,0
BRDA:496,28,0,0
BRDA:496,28,1,0
BRDA:496,28,2,0
BRDA:498,29,0,0
BRDA:498,29,1,0
BRF:61
BRH:0
end_of_record
TN:
SF:app\quotes\add\page.tsx
FN:27,AddQuotePage
FN:58,(anonymous_1)
FN:59,(anonymous_2)
FN:81,(anonymous_3)
FN:84,(anonymous_4)
FN:101,(anonymous_5)
FN:102,(anonymous_6)
FN:105,(anonymous_7)
FN:106,(anonymous_8)
FN:107,(anonymous_9)
FN:120,(anonymous_10)
FN:128,(anonymous_11)
FN:131,(anonymous_12)
FN:133,(anonymous_13)
FN:133,(anonymous_14)
FN:137,(anonymous_15)
FN:138,(anonymous_16)
FN:148,(anonymous_17)
FN:215,(anonymous_18)
FN:221,(anonymous_19)
FN:243,(anonymous_20)
FN:253,(anonymous_21)
FN:260,(anonymous_22)
FN:265,(anonymous_23)
FN:276,(anonymous_24)
FN:282,(anonymous_25)
FN:308,(anonymous_26)
FN:318,(anonymous_27)
FN:329,(anonymous_28)
FN:351,(anonymous_29)
FN:358,(anonymous_30)
FN:370,(anonymous_31)
FN:381,(anonymous_32)
FN:398,(anonymous_33)
FN:445,(anonymous_34)
FNF:35
FNH:0
FNDA:0,AddQuotePage
FNDA:0,(anonymous_1)
FNDA:0,(anonymous_2)
FNDA:0,(anonymous_3)
FNDA:0,(anonymous_4)
FNDA:0,(anonymous_5)
FNDA:0,(anonymous_6)
FNDA:0,(anonymous_7)
FNDA:0,(anonymous_8)
FNDA:0,(anonymous_9)
FNDA:0,(anonymous_10)
FNDA:0,(anonymous_11)
FNDA:0,(anonymous_12)
FNDA:0,(anonymous_13)
FNDA:0,(anonymous_14)
FNDA:0,(anonymous_15)
FNDA:0,(anonymous_16)
FNDA:0,(anonymous_17)
FNDA:0,(anonymous_18)
FNDA:0,(anonymous_19)
FNDA:0,(anonymous_20)
FNDA:0,(anonymous_21)
FNDA:0,(anonymous_22)
FNDA:0,(anonymous_23)
FNDA:0,(anonymous_24)
FNDA:0,(anonymous_25)
FNDA:0,(anonymous_26)
FNDA:0,(anonymous_27)
FNDA:0,(anonymous_28)
FNDA:0,(anonymous_29)
FNDA:0,(anonymous_30)
FNDA:0,(anonymous_31)
FNDA:0,(anonymous_32)
FNDA:0,(anonymous_33)
FNDA:0,(anonymous_34)
DA:28,0
DA:29,0
DA:30,0
DA:31,0
DA:32,0
DA:33,0
DA:35,0
DA:47,0
DA:58,0
DA:59,0
DA:60,0
DA:62,0
DA:63,0
DA:73,0
DA:74,0
DA:77,0
DA:81,0
DA:82,0
DA:83,0
DA:84,0
DA:92,0
DA:93,0
DA:96,0
DA:97,0
DA:98,0
DA:101,0
DA:102,0
DA:105,0
DA:106,0
DA:107,0
DA:108,0
DA:109,0
DA:110,0
DA:111,0
DA:113,0
DA:115,0
DA:120,0
DA:121,0
DA:128,0
DA:131,0
DA:132,0
DA:133,0
DA:137,0
DA:138,0
DA:139,0
DA:140,0
DA:141,0
DA:143,0
DA:146,0
DA:148,0
DA:149,0
DA:150,0
DA:151,0
DA:153,0
DA:154,0
DA:156,0
DA:172,0
DA:174,0
DA:176,0
DA:178,0
DA:180,0
DA:184,0
DA:215,0
DA:221,0
DA:243,0
DA:253,0
DA:260,0
DA:266,0
DA:276,0
DA:283,0
DA:308,0
DA:318,0
DA:329,0
DA:352,0
DA:358,0
DA:370,0
DA:381,0
DA:398,0
DA:445,0
LF:79
LH:0
BRDA:60,0,0,0
BRDA:60,0,1,0
BRDA:73,1,0,0
BRDA:73,1,1,0
BRDA:74,2,0,0
BRDA:74,2,1,0
BRDA:82,3,0,0
BRDA:82,3,1,0
BRDA:82,4,0,0
BRDA:82,4,1,0
BRDA:92,5,0,0
BRDA:92,5,1,0
BRDA:96,6,0,0
BRDA:96,6,1,0
BRDA:96,7,0,0
BRDA:96,7,1,0
BRDA:108,8,0,0
BRDA:108,8,1,0
BRDA:110,9,0,0
BRDA:110,9,1,0
BRDA:110,10,0,0
BRDA:110,10,1,0
BRDA:132,11,0,0
BRDA:132,11,1,0
BRDA:159,12,0,0
BRDA:159,12,1,0
BRDA:168,13,0,0
BRDA:168,13,1,0
BRDA:169,14,0,0
BRDA:169,14,1,0
BRDA:174,15,0,0
BRDA:174,15,1,0
BRDA:178,16,0,0
BRDA:178,16,1,0
BRDA:370,17,0,0
BRDA:370,17,1,0
BRDA:381,18,0,0
BRDA:381,18,1,0
BRDA:393,19,0,0
BRDA:393,19,1,0
BRDA:430,20,0,0
BRDA:430,20,1,0
BRDA:445,21,0,0
BRDA:445,21,1,0
BRDA:445,22,0,0
BRDA:445,22,1,0
BRDA:445,22,2,0
BRDA:447,23,0,0
BRDA:447,23,1,0
BRF:49
BRH:0
end_of_record
TN:
SF:components\theme-provider.tsx
FN:9,ThemeProvider
FNF:1
FNH:0
FNDA:0,ThemeProvider
DA:10,0
LF:1
LH:0
BRF:0
BRH:0
end_of_record
TN:
SF:components\admin\analytics-client.tsx
FN:57,AnalyticsClient
FN:68,(anonymous_1)
FN:84,(anonymous_2)
FN:88,(anonymous_3)
FN:301,(anonymous_4)
FN:303,(anonymous_5)
FN:325,(anonymous_6)
FN:387,(anonymous_7)
FNF:8
FNH:0
FNDA:0,AnalyticsClient
FNDA:0,(anonymous_1)
FNDA:0,(anonymous_2)
FNDA:0,(anonymous_3)
FNDA:0,(anonymous_4)
FNDA:0,(anonymous_5)
FNDA:0,(anonymous_6)
FNDA:0,(anonymous_7)
DA:34,0
DA:43,0
DA:50,0
DA:66,0
DA:68,0
DA:69,0
DA:71,0
DA:73,0
DA:75,0
DA:77,0
DA:79,0
DA:84,0
DA:85,0
DA:88,0
DA:89,0
DA:92,0
DA:301,0
DA:304,0
DA:326,0
DA:388,0
LF:20
LH:0
BRDA:69,0,0,0
BRDA:69,0,1,0
BRDA:69,0,2,0
BRDA:69,0,3,0
BRDA:69,0,4,0
BRDA:84,1,0,0
BRDA:84,1,1,0
BRDA:88,2,0,0
BRDA:88,2,1,0
BRDA:269,3,0,0
BRDA:269,3,1,0
BRF:11
BRH:0
end_of_record
TN:
SF:components\admin\application-actions.tsx
FN:35,ApplicationActions
FN:42,(anonymous_1)
FN:67,(anonymous_2)
FN:97,(anonymous_3)
FN:110,(anonymous_4)
FN:117,(anonymous_5)
FN:126,(anonymous_6)
FN:180,(anonymous_7)
FN:197,(anonymous_8)
FN:222,(anonymous_9)
FN:229,(anonymous_10)
FNF:11
FNH:0
FNDA:0,ApplicationActions
FNDA:0,(anonymous_1)
FNDA:0,(anonymous_2)
FNDA:0,(anonymous_3)
FNDA:0,(anonymous_4)
FNDA:0,(anonymous_5)
FNDA:0,(anonymous_6)
FNDA:0,(anonymous_7)
FNDA:0,(anonymous_8)
FNDA:0,(anonymous_9)
FNDA:0,(anonymous_10)
DA:36,0
DA:37,0
DA:38,0
DA:39,0
DA:40,0
DA:42,0
DA:43,0
DA:44,0
DA:45,0
DA:54,0
DA:55,0
DA:56,0
DA:58,0
DA:61,0
DA:63,0
DA:67,0
DA:68,0
DA:69,0
DA:70,0
DA:73,0
DA:74,0
DA:75,0
DA:77,0
DA:78,0
DA:79,0
DA:80,0
DA:82,0
DA:85,0
DA:87,0
DA:91,0
DA:92,0
DA:97,0
DA:104,0
DA:110,0
DA:117,0
DA:126,0
DA:180,0
DA:197,0
DA:222,0
DA:229,0
LF:40
LH:0
BRDA:54,0,0,0
BRDA:54,0,1,0
BRDA:58,1,0,0
BRDA:58,1,1,0
BRDA:68,2,0,0
BRDA:68,2,1,0
BRDA:77,3,0,0
BRDA:77,3,1,0
BRDA:82,4,0,0
BRDA:82,4,1,0
BRDA:91,5,0,0
BRDA:91,5,1,0
BRDA:94,6,0,0
BRDA:94,6,1,0
BRDA:201,7,0,0
BRDA:201,7,1,0
BRDA:235,8,0,0
BRDA:235,8,1,0
BRDA:237,9,0,0
BRDA:237,9,1,0
BRF:20
BRH:0
end_of_record
TN:
SF:components\admin\company-actions.tsx
FN:34,CompanyActions
FN:38,(anonymous_1)
FN:54,(anonymous_2)
FN:80,(anonymous_3)
FN:83,(anonymous_4)
FN:86,(anonymous_5)
FN:90,(anonymous_6)
FNF:7
FNH:0
FNDA:0,CompanyActions
FNDA:0,(anonymous_1)
FNDA:0,(anonymous_2)
FNDA:0,(anonymous_3)
FNDA:0,(anonymous_4)
FNDA:0,(anonymous_5)
FNDA:0,(anonymous_6)
DA:35,0
DA:36,0
DA:38,0
DA:39,0
DA:40,0
DA:41,0
DA:42,0
DA:43,0
DA:45,0
DA:48,0
DA:50,0
DA:54,0
DA:55,0
DA:56,0
DA:57,0
DA:58,0
DA:59,0
DA:60,0
DA:62,0
DA:65,0
DA:67,0
DA:71,0
DA:80,0
DA:83,0
DA:86,0
DA:90,0
LF:26
LH:0
BRDA:42,0,0,0
BRDA:42,0,1,0
BRDA:45,1,0,0
BRDA:45,1,1,0
BRDA:58,2,0,0
BRDA:58,2,1,0
BRDA:62,3,0,0
BRDA:62,3,1,0
BRDA:115,4,0,0
BRDA:115,4,1,0
BRF:10
BRH:0
end_of_record
TN:
SF:components\admin\company-admin-form.tsx
FN:25,CompanyAdminForm
FN:35,(anonymous_1)
FN:66,(anonymous_2)
FN:67,(anonymous_3)
FN:93,(anonymous_4)
FN:104,(anonymous_5)
FN:114,(anonymous_6)
FN:125,(anonymous_7)
FN:131,(anonymous_8)
FNF:9
FNH:0
FNDA:0,CompanyAdminForm
FNDA:0,(anonymous_1)
FNDA:0,(anonymous_2)
FNDA:0,(anonymous_3)
FNDA:0,(anonymous_4)
FNDA:0,(anonymous_5)
FNDA:0,(anonymous_6)
FNDA:0,(anonymous_7)
FNDA:0,(anonymous_8)
DA:26,0
DA:27,0
DA:28,0
DA:35,0
DA:36,0
DA:38,0
DA:39,0
DA:40,0
DA:43,0
DA:44,0
DA:45,0
DA:47,0
DA:48,0
DA:49,0
DA:50,0
DA:57,0
DA:60,0
DA:62,0
DA:66,0
DA:67,0
DA:70,0
DA:93,0
DA:104,0
DA:114,0
DA:125,0
DA:131,0
LF:26
LH:0
BRDA:38,0,0,0
BRDA:38,0,1,0
BRDA:38,1,0,0
BRDA:38,1,1,0
BRDA:38,1,2,0
BRDA:47,2,0,0
BRDA:47,2,1,0
BRDA:57,3,0,0
BRDA:57,3,1,0
BRDA:135,4,0,0
BRDA:135,4,1,0
BRF:11
BRH:0
end_of_record
TN:
SF:components\admin\company-create-form.tsx
FN:21,CompanyCreateForm
FN:35,(anonymous_1)
FN:70,(anonymous_2)
FN:71,(anonymous_3)
FN:97,(anonymous_4)
FN:108,(anonymous_5)
FN:120,(anonymous_6)
FN:129,(anonymous_7)
FN:140,(anonymous_8)
FN:149,(anonymous_9)
FN:160,(anonymous_10)
FN:170,(anonymous_11)
FN:177,(anonymous_12)
FNF:13
FNH:0
FNDA:0,CompanyCreateForm
FNDA:0,(anonymous_1)
FNDA:0,(anonymous_2)
FNDA:0,(anonymous_3)
FNDA:0,(anonymous_4)
FNDA:0,(anonymous_5)
FNDA:0,(anonymous_6)
FNDA:0,(anonymous_7)
FNDA:0,(anonymous_8)
FNDA:0,(anonymous_9)
FNDA:0,(anonymous_10)
FNDA:0,(anonymous_11)
FNDA:0,(anonymous_12)
DA:22,0
DA:23,0
DA:24,0
DA:35,0
DA:36,0
DA:38,0
DA:39,0
DA:40,0
DA:43,0
DA:44,0
DA:45,0
DA:47,0
DA:48,0
DA:49,0
DA:50,0
DA:61,0
DA:64,0
DA:66,0
DA:70,0
DA:71,0
DA:74,0
DA:97,0
DA:108,0
DA:120,0
DA:129,0
DA:140,0
DA:149,0
DA:160,0
DA:170,0
DA:177,0
LF:30
LH:0
BRDA:38,0,0,0
BRDA:38,0,1,0
BRDA:38,1,0,0
BRDA:38,1,1,0
BRDA:47,2,0,0
BRDA:47,2,1,0
BRDA:61,3,0,0
BRDA:61,3,1,0
BRDA:181,4,0,0
BRDA:181,4,1,0
BRF:10
BRH:0
end_of_record
TN:
SF:components\admin\company-edit-form.tsx
FN:35,CompanyEditForm
FN:49,(anonymous_1)
FN:74,(anonymous_2)
FN:75,(anonymous_3)
FN:100,(anonymous_4)
FN:111,(anonymous_5)
FN:123,(anonymous_6)
FN:132,(anonymous_7)
FN:143,(anonymous_8)
FN:152,(anonymous_9)
FN:163,(anonymous_10)
FN:173,(anonymous_11)
FN:180,(anonymous_12)
FNF:13
FNH:0
FNDA:0,CompanyEditForm
FNDA:0,(anonymous_1)
FNDA:0,(anonymous_2)
FNDA:0,(anonymous_3)
FNDA:0,(anonymous_4)
FNDA:0,(anonymous_5)
FNDA:0,(anonymous_6)
FNDA:0,(anonymous_7)
FNDA:0,(anonymous_8)
FNDA:0,(anonymous_9)
FNDA:0,(anonymous_10)
FNDA:0,(anonymous_11)
FNDA:0,(anonymous_12)
DA:36,0
DA:37,0
DA:38,0
DA:49,0
DA:50,0
DA:52,0
DA:53,0
DA:54,0
DA:57,0
DA:58,0
DA:59,0
DA:61,0
DA:62,0
DA:63,0
DA:65,0
DA:68,0
DA:70,0
DA:74,0
DA:75,0
DA:78,0
DA:100,0
DA:111,0
DA:123,0
DA:132,0
DA:143,0
DA:152,0
DA:163,0
DA:173,0
DA:180,0
LF:29
LH:0
BRDA:41,0,0,0
BRDA:41,0,1,0
BRDA:42,1,0,0
BRDA:42,1,1,0
BRDA:43,2,0,0
BRDA:43,2,1,0
BRDA:44,3,0,0
BRDA:44,3,1,0
BRDA:45,4,0,0
BRDA:45,4,1,0
BRDA:46,5,0,0
BRDA:46,5,1,0
BRDA:52,6,0,0
BRDA:52,6,1,0
BRDA:52,7,0,0
BRDA:52,7,1,0
BRDA:61,8,0,0
BRDA:61,8,1,0
BRDA:65,9,0,0
BRDA:65,9,1,0
BRDA:184,10,0,0
BRDA:184,10,1,0
BRF:22
BRH:0
end_of_record
TN:
SF:components\admin\settings-actions.tsx
FN:31,SettingsActions
FN:36,(anonymous_1)
FN:63,(anonymous_2)
FN:90,(anonymous_3)
FN:117,(anonymous_4)
FN:123,(anonymous_5)
FN:146,(anonymous_6)
FN:151,(anonymous_7)
FN:211,(anonymous_8)
FN:232,(anonymous_9)
FN:302,(anonymous_10)
FNF:11
FNH:0
FNDA:0,SettingsActions
FNDA:0,(anonymous_1)
FNDA:0,(anonymous_2)
FNDA:0,(anonymous_3)
FNDA:0,(anonymous_4)
FNDA:0,(anonymous_5)
FNDA:0,(anonymous_6)
FNDA:0,(anonymous_7)
FNDA:0,(anonymous_8)
FNDA:0,(anonymous_9)
FNDA:0,(anonymous_10)
DA:32,0
DA:33,0
DA:34,0
DA:36,0
DA:37,0
DA:38,0
DA:39,0
DA:40,0
DA:41,0
DA:46,0
DA:53,0
DA:59,0
DA:63,0
DA:64,0
DA:65,0
DA:66,0
DA:67,0
DA:68,0
DA:73,0
DA:80,0
DA:86,0
DA:90,0
DA:91,0
DA:92,0
DA:93,0
DA:94,0
DA:95,0
DA:100,0
DA:107,0
DA:113,0
DA:117,0
DA:118,0
DA:119,0
DA:120,0
DA:121,0
DA:122,0
DA:123,0
DA:124,0
DA:129,0
DA:136,0
DA:142,0
DA:146,0
DA:147,0
DA:148,0
DA:149,0
DA:150,0
DA:151,0
DA:152,0
DA:157,0
DA:164,0
DA:170,0
DA:174,0
DA:211,0
DA:232,0
DA:303,0
LF:55
LH:0
BRDA:31,0,0,0
BRDA:40,1,0,0
BRDA:40,1,1,0
BRDA:67,2,0,0
BRDA:67,2,1,0
BRDA:94,3,0,0
BRDA:94,3,1,0
BRDA:118,4,0,0
BRDA:118,4,1,0
BRDA:122,5,0,0
BRDA:122,5,1,0
BRDA:150,6,0,0
BRDA:150,6,1,0
BRDA:184,7,0,0
BRDA:184,7,1,0
BRDA:185,8,0,0
BRDA:185,8,1,0
BRDA:193,9,0,0
BRDA:193,9,1,0
BRDA:205,10,0,0
BRDA:205,10,1,0
BRDA:206,11,0,0
BRDA:206,11,1,0
BRDA:214,12,0,0
BRDA:214,12,1,0
BRDA:226,13,0,0
BRDA:226,13,1,0
BRDA:227,14,0,0
BRDA:227,14,1,0
BRDA:235,15,0,0
BRDA:235,15,1,0
BRDA:249,16,0,0
BRDA:249,16,1,0
BRDA:262,17,0,0
BRDA:262,17,1,0
BRDA:275,18,0,0
BRDA:275,18,1,0
BRF:37
BRH:0
end_of_record
TN:
SF:components\admin\sidebar.tsx
FN:20,Sidebar
FN:31,(anonymous_1)
FN:51,(anonymous_2)
FNF:3
FNH:0
FNDA:0,Sidebar
FNDA:0,(anonymous_1)
FNDA:0,(anonymous_2)
DA:10,0
DA:21,0
DA:23,0
DA:32,0
DA:33,0
DA:52,0
DA:53,0
DA:54,0
LF:8
LH:0
BRDA:36,0,0,0
BRDA:36,0,1,0
BRDA:37,1,0,0
BRDA:37,1,1,0
BRF:4
BRH:0
end_of_record
TN:
SF:components\admin\user-actions.tsx
FN:36,UserActions
FN:40,(anonymous_1)
FN:56,(anonymous_2)
FN:73,(anonymous_3)
FN:99,(anonymous_4)
FN:105,(anonymous_5)
FN:110,(anonymous_6)
FN:114,(anonymous_7)
FN:117,(anonymous_8)
FN:120,(anonymous_9)
FN:125,(anonymous_10)
FNF:11
FNH:0
FNDA:0,UserActions
FNDA:0,(anonymous_1)
FNDA:0,(anonymous_2)
FNDA:0,(anonymous_3)
FNDA:0,(anonymous_4)
FNDA:0,(anonymous_5)
FNDA:0,(anonymous_6)
FNDA:0,(anonymous_7)
FNDA:0,(anonymous_8)
FNDA:0,(anonymous_9)
FNDA:0,(anonymous_10)
DA:37,0
DA:38,0
DA:40,0
DA:41,0
DA:42,0
DA:43,0
DA:44,0
DA:45,0
DA:47,0
DA:50,0
DA:52,0
DA:56,0
DA:57,0
DA:58,0
DA:59,0
DA:60,0
DA:61,0
DA:62,0
DA:64,0
DA:67,0
DA:69,0
DA:73,0
DA:74,0
DA:75,0
DA:76,0
DA:77,0
DA:78,0
DA:80,0
DA:83,0
DA:85,0
DA:89,0
DA:99,0
DA:105,0
DA:110,0
DA:114,0
DA:117,0
DA:120,0
DA:125,0
LF:38
LH:0
BRDA:44,0,0,0
BRDA:44,0,1,0
BRDA:47,1,0,0
BRDA:47,1,1,0
BRDA:60,2,0,0
BRDA:60,2,1,0
BRDA:64,3,0,0
BRDA:64,3,1,0
BRDA:77,4,0,0
BRDA:77,4,1,0
BRDA:78,5,0,0
BRDA:78,5,1,0
BRDA:80,6,0,0
BRDA:80,6,1,0
BRDA:98,7,0,0
BRDA:98,7,1,0
BRDA:104,8,0,0
BRDA:104,8,1,0
BRDA:123,9,0,0
BRDA:123,9,1,0
BRDA:151,10,0,0
BRDA:151,10,1,0
BRF:22
BRH:0
end_of_record
TN:
SF:components\admin\user-create-form.tsx
FN:31,UserCreateForm
FN:43,(anonymous_1)
FN:75,(anonymous_2)
FN:76,(anonymous_3)
FN:101,(anonymous_4)
FN:111,(anonymous_5)
FN:124,(anonymous_6)
FN:136,(anonymous_7)
FN:143,(anonymous_8)
FN:159,(anonymous_9)
FN:164,(anonymous_10)
FN:175,(anonymous_11)
FNF:12
FNH:0
FNDA:0,UserCreateForm
FNDA:0,(anonymous_1)
FNDA:0,(anonymous_2)
FNDA:0,(anonymous_3)
FNDA:0,(anonymous_4)
FNDA:0,(anonymous_5)
FNDA:0,(anonymous_6)
FNDA:0,(anonymous_7)
FNDA:0,(anonymous_8)
FNDA:0,(anonymous_9)
FNDA:0,(anonymous_10)
FNDA:0,(anonymous_11)
DA:32,0
DA:33,0
DA:34,0
DA:43,0
DA:44,0
DA:46,0
DA:47,0
DA:48,0
DA:51,0
DA:52,0
DA:53,0
DA:54,0
DA:55,0
DA:56,0
DA:64,0
DA:66,0
DA:69,0
DA:71,0
DA:75,0
DA:76,0
DA:79,0
DA:101,0
DA:111,0
DA:124,0
DA:136,0
DA:143,0
DA:159,0
DA:165,0
DA:175,0
LF:29
LH:0
BRDA:31,0,0,0
BRDA:46,1,0,0
BRDA:46,1,1,0
BRDA:46,2,0,0
BRDA:46,2,1,0
BRDA:46,2,2,0
BRDA:46,2,3,0
BRDA:54,3,0,0
BRDA:54,3,1,0
BRDA:55,4,0,0
BRDA:55,4,1,0
BRDA:156,5,0,0
BRDA:156,5,1,0
BRDA:156,5,2,0
BRDA:156,5,3,0
BRDA:179,6,0,0
BRDA:179,6,1,0
BRF:17
BRH:0
end_of_record
TN:
SF:components\dashboard\financial-charts.tsx
FN:19,FinancialCharts
FN:32,(anonymous_1)
FN:51,(anonymous_2)
FN:56,(anonymous_3)
FNF:4
FNH:0
FNDA:0,FinancialCharts
FNDA:0,(anonymous_1)
FNDA:0,(anonymous_2)
FNDA:0,(anonymous_3)
DA:20,0
DA:32,0
DA:51,0
DA:57,0
LF:4
LH:0
BRF:0
BRH:0
end_of_record
TN:
SF:components\dashboard\header.tsx
FN:13,Header
FNF:1
FNH:0
FNDA:0,Header
DA:14,0
LF:1
LH:0
BRF:0
BRH:0
end_of_record
TN:
SF:components\dashboard\metric-card.tsx
FN:14,MetricCard
FNF:1
FNH:0
FNDA:0,MetricCard
DA:15,0
LF:1
LH:0
BRDA:14,0,0,0
BRDA:23,1,0,0
BRDA:23,1,1,0
BRF:3
BRH:0
end_of_record
TN:
SF:components\dashboard\recent-activity.tsx
FN:18,RecentActivity
FN:19,(anonymous_1)
FN:42,(anonymous_2)
FNF:3
FNH:0
FNDA:0,RecentActivity
FNDA:0,(anonymous_1)
FNDA:0,(anonymous_2)
DA:19,0
DA:20,0
DA:24,0
DA:27,0
DA:30,0
DA:32,0
DA:36,0
DA:43,0
LF:8
LH:0
BRDA:20,0,0,0
BRDA:20,0,1,0
BRDA:20,0,2,0
BRDA:20,0,3,0
BRDA:20,0,4,0
BRDA:20,0,5,0
BRDA:20,0,6,0
BRDA:20,0,7,0
BRDA:51,1,0,0
BRDA:51,1,1,0
BRF:10
BRH:0
end_of_record
TN:
SF:components\dashboard\revenue-chart.tsx
FN:14,RevenueChart
FN:29,(anonymous_1)
FNF:2
FNH:0
FNDA:0,RevenueChart
FNDA:0,(anonymous_1)
DA:15,0
DA:29,0
LF:2
LH:0
BRF:0
BRH:0
end_of_record
TN:
SF:components\dashboard\sidebar.tsx
FN:88,Sidebar
FN:92,(anonymous_1)
FN:98,(anonymous_2)
FN:115,(anonymous_3)
FNF:4
FNH:0
FNDA:0,Sidebar
FNDA:0,(anonymous_1)
FNDA:0,(anonymous_2)
FNDA:0,(anonymous_3)
DA:25,0
DA:89,0
DA:90,0
DA:92,0
DA:93,0
DA:94,0
DA:95,0
DA:98,0
DA:100,0
DA:116,0
DA:117,0
DA:119,0
LF:12
LH:0
BRDA:108,0,0,0
BRDA:108,0,1,0
BRDA:122,1,0,0
BRDA:122,1,1,0
BRDA:125,2,0,0
BRDA:125,2,1,0
BRF:6
BRH:0
end_of_record
TN:
SF:components\pdf\download-button.tsx
FN:17,DownloadButton
FN:20,(anonymous_1)
FNF:2
FNH:0
FNDA:0,DownloadButton
FNDA:0,(anonymous_1)
DA:18,0
DA:20,0
DA:21,0
DA:22,0
DA:23,0
DA:25,0
DA:26,0
DA:29,0
DA:30,0
DA:31,0
DA:32,0
DA:33,0
DA:34,0
DA:35,0
DA:36,0
DA:37,0
DA:39,0
DA:40,0
DA:42,0
DA:46,0
LF:20
LH:0
BRDA:17,0,0,0
BRDA:17,1,0,0
BRDA:25,2,0,0
BRDA:25,2,1,0
BRDA:49,3,0,0
BRDA:49,3,1,0
BRDA:49,4,0,0
BRDA:49,4,1,0
BRF:8
BRH:0
end_of_record
TN:
SF:components\quotes\quote-actions.tsx
FN:9,QuoteActions
FN:13,(anonymous_1)
FN:31,(anonymous_2)
FN:38,(anonymous_3)
FN:42,(anonymous_4)
FN:49,(anonymous_5)
FNF:6
FNH:0
FNDA:0,QuoteActions
FNDA:0,(anonymous_1)
FNDA:0,(anonymous_2)
FNDA:0,(anonymous_3)
FNDA:0,(anonymous_4)
FNDA:0,(anonymous_5)
DA:10,0
DA:11,0
DA:13,0
DA:14,0
DA:15,0
DA:16,0
DA:17,0
DA:18,0
DA:19,0
DA:20,0
DA:22,0
DA:24,0
DA:28,0
DA:31,0
DA:38,0
DA:42,0
DA:49,0
LF:17
LH:0
BRDA:18,0,0,0
BRDA:18,0,1,0
BRDA:18,1,0,0
BRDA:18,1,1,0
BRDA:19,2,0,0
BRDA:19,2,1,0
BRDA:30,3,0,0
BRDA:30,3,1,0
BRDA:33,4,0,0
BRDA:33,4,1,0
BRDA:36,5,0,0
BRDA:36,5,1,0
BRDA:40,6,0,0
BRDA:40,6,1,0
BRDA:44,7,0,0
BRDA:44,7,1,0
BRDA:48,8,0,0
BRDA:48,8,1,0
BRDA:48,8,2,0
BRDA:51,9,0,0
BRDA:51,9,1,0
BRF:21
BRH:0
end_of_record
TN:
SF:components\ui\alert-dialog.tsx
FN:18,(anonymous_0)
FN:33,(anonymous_1)
FN:48,(anonymous_2)
FN:62,(anonymous_3)
FN:79,(anonymous_4)
FN:91,(anonymous_5)
FN:104,(anonymous_6)
FN:116,(anonymous_7)
FNF:8
FNH:0
FNDA:0,(anonymous_0)
FNDA:0,(anonymous_1)
FNDA:0,(anonymous_2)
FNDA:0,(anonymous_3)
FNDA:0,(anonymous_4)
FNDA:0,(anonymous_5)
FNDA:0,(anonymous_6)
FNDA:0,(anonymous_7)
DA:9,0
DA:11,0
DA:13,0
DA:15,0
DA:19,0
DA:28,0
DA:30,0
DA:34,0
DA:46,0
DA:48,0
DA:52,0
DA:60,0
DA:62,0
DA:66,0
DA:74,0
DA:76,0
DA:80,0
DA:86,0
DA:88,0
DA:92,0
DA:98,0
DA:101,0
DA:105,0
DA:111,0
DA:113,0
DA:117,0
DA:127,0
LF:27
LH:0
BRF:0
BRH:0
end_of_record
TN:
SF:components\ui\badge.tsx
FN:28,Badge
FNF:1
FNH:0
FNDA:0,Badge
DA:7,0
DA:35,0
DA:37,0
LF:3
LH:0
BRDA:31,0,0,0
BRDA:35,1,0,0
BRDA:35,1,1,0
BRF:3
BRH:0
end_of_record
TN:
SF:components\ui\button.tsx
FN:38,Button
FNF:1
FNH:0
FNDA:0,Button
DA:7,0
DA:48,0
DA:50,0
LF:3
LH:0
BRDA:42,0,0,0
BRDA:48,1,0,0
BRDA:48,1,1,0
BRF:3
BRH:0
end_of_record
TN:
SF:components\ui\card.tsx
FN:5,Card
FN:18,CardHeader
FN:31,CardTitle
FN:41,CardDescription
FN:51,CardAction
FN:64,CardContent
FN:74,CardFooter
FNF:7
FNH:0
FNDA:0,Card
FNDA:0,CardHeader
FNDA:0,CardTitle
FNDA:0,CardDescription
FNDA:0,CardAction
FNDA:0,CardContent
FNDA:0,CardFooter
DA:6,0
DA:19,0
DA:32,0
DA:42,0
DA:52,0
DA:65,0
DA:75,0
LF:7
LH:0
BRF:0
BRH:0
end_of_record
TN:
SF:components\ui\dialog.tsx
FN:9,Dialog
FN:15,DialogTrigger
FN:21,DialogPortal
FN:27,DialogClose
FN:33,DialogOverlay
FN:49,DialogContent
FN:83,DialogHeader
FN:93,DialogFooter
FN:106,DialogTitle
FN:119,DialogDescription
FNF:10
FNH:0
FNDA:0,Dialog
FNDA:0,DialogTrigger
FNDA:0,DialogPortal
FNDA:0,DialogClose
FNDA:0,DialogOverlay
FNDA:0,DialogContent
FNDA:0,DialogHeader
FNDA:0,DialogFooter
FNDA:0,DialogTitle
FNDA:0,DialogDescription
DA:12,0
DA:18,0
DA:24,0
DA:30,0
DA:37,0
DA:57,0
DA:84,0
DA:94,0
DA:110,0
DA:123,0
LF:10
LH:0
BRDA:52,0,0,0
BRDA:69,1,0,0
BRDA:69,1,1,0
BRF:3
BRH:0
end_of_record
TN:
SF:components\ui\dropdown-menu.tsx
FN:24,(anonymous_0)
FN:44,(anonymous_1)
FN:60,(anonymous_2)
FN:80,(anonymous_3)
FN:96,(anonymous_4)
FN:120,(anonymous_5)
FN:144,(anonymous_6)
FN:160,(anonymous_7)
FN:169,(anonymous_8)
FNF:9
FNH:0
FNDA:0,(anonymous_0)
FNDA:0,(anonymous_1)
FNDA:0,(anonymous_2)
FNDA:0,(anonymous_3)
FNDA:0,(anonymous_4)
FNDA:0,(anonymous_5)
FNDA:0,(anonymous_6)
FNDA:0,(anonymous_7)
FNDA:0,(anonymous_8)
DA:7,0
DA:9,0
DA:11,0
DA:13,0
DA:15,0
DA:17,0
DA:19,0
DA:25,0
DA:38,0
DA:41,0
DA:45,0
DA:54,0
DA:57,0
DA:61,0
DA:73,0
DA:75,0
DA:81,0
DA:91,0
DA:93,0
DA:97,0
DA:114,0
DA:117,0
DA:121,0
DA:137,0
DA:139,0
DA:145,0
DA:155,0
DA:157,0
DA:161,0
DA:167,0
DA:169,0
DA:173,0
DA:180,0
LF:33
LH:0
BRDA:29,0,0,0
BRDA:29,0,1,0
BRDA:60,1,0,0
BRDA:85,2,0,0
BRDA:85,2,1,0
BRDA:149,3,0,0
BRDA:149,3,1,0
BRF:7
BRH:0
end_of_record
TN:
SF:components\ui\error-boundary.tsx
FN:21,(anonymous_0)
FN:26,(anonymous_1)
FN:30,(anonymous_2)
FN:42,(anonymous_3)
FN:46,(anonymous_4)
FN:87,useErrorHandler
FN:88,(anonymous_6)
FNF:7
FNH:0
FNDA:0,(anonymous_0)
FNDA:0,(anonymous_1)
FNDA:0,(anonymous_2)
FNDA:0,(anonymous_3)
FNDA:0,(anonymous_4)
FNDA:0,useErrorHandler
FNDA:0,(anonymous_6)
DA:22,0
DA:23,0
DA:27,0
DA:31,0
DA:34,0
DA:35,0
DA:39,0
DA:42,0
DA:43,0
DA:47,0
DA:48,0
DA:50,0
DA:51,0
DA:54,0
DA:82,0
DA:88,0
DA:90,0
DA:93,0
LF:18
LH:0
BRDA:34,0,0,0
BRDA:34,0,1,0
BRDA:47,1,0,0
BRDA:47,1,1,0
BRDA:50,2,0,0
BRDA:50,2,1,0
BRDA:50,3,0,0
BRDA:50,3,1,0
BRDA:66,4,0,0
BRDA:66,4,1,0
BRDA:66,4,2,0
BRF:11
BRH:0
end_of_record
TN:
SF:components\ui\input.tsx
FN:5,Input
FNF:1
FNH:0
FNDA:0,Input
DA:6,0
LF:1
LH:0
BRF:0
BRH:0
end_of_record
TN:
SF:components\ui\label.tsx
FN:8,Label
FNF:1
FNH:0
FNDA:0,Label
DA:12,0
LF:1
LH:0
BRF:0
BRH:0
end_of_record
TN:
SF:components\ui\loading-spinner.tsx
FN:16,LoadingSpinner
FN:40,LoadingOverlay
FN:54,LoadingSkeleton
FN:63,LoadingCard
FN:73,LoadingTable
FN:78,(anonymous_5)
FN:83,(anonymous_6)
FN:85,(anonymous_7)
FNF:8
FNH:0
FNDA:0,LoadingSpinner
FNDA:0,LoadingOverlay
FNDA:0,LoadingSkeleton
FNDA:0,LoadingCard
FNDA:0,LoadingTable
FNDA:0,(anonymous_5)
FNDA:0,(anonymous_6)
FNDA:0,(anonymous_7)
DA:10,0
DA:22,0
DA:41,0
DA:55,0
DA:64,0
DA:74,0
DA:79,0
DA:84,0
DA:86,0
LF:9
LH:0
BRDA:17,0,0,0
BRDA:28,1,0,0
BRDA:28,1,1,0
BRDA:40,2,0,0
BRDA:44,3,0,0
BRDA:44,3,1,0
BRDA:73,4,0,0
BRDA:73,5,0,0
BRF:8
BRH:0
end_of_record
TN:
SF:components\ui\select.tsx
FN:9,Select
FN:15,SelectGroup
FN:21,SelectValue
FN:27,SelectTrigger
FN:53,SelectContent
FN:88,SelectLabel
FN:101,SelectItem
FN:125,SelectSeparator
FN:138,SelectScrollUpButton
FN:156,SelectScrollDownButton
FNF:10
FNH:0
FNDA:0,Select
FNDA:0,SelectGroup
FNDA:0,SelectValue
FNDA:0,SelectTrigger
FNDA:0,SelectContent
FNDA:0,SelectLabel
FNDA:0,SelectItem
FNDA:0,SelectSeparator
FNDA:0,SelectScrollUpButton
FNDA:0,SelectScrollDownButton
DA:12,0
DA:18,0
DA:24,0
DA:35,0
DA:59,0
DA:92,0
DA:106,0
DA:129,0
DA:142,0
DA:160,0
LF:10
LH:0
BRDA:29,0,0,0
BRDA:56,1,0,0
BRDA:65,2,0,0
BRDA:65,2,1,0
BRDA:76,3,0,0
BRDA:76,3,1,0
BRF:6
BRH:0
end_of_record
TN:
SF:components\ui\separator.tsx
FN:10,(anonymous_0)
FNF:1
FNH:0
FNDA:0,(anonymous_0)
DA:6,0
DA:14,0
DA:27,0
LF:3
LH:0
BRDA:11,0,0,0
BRDA:11,1,0,0
BRDA:20,2,0,0
BRDA:20,2,1,0
BRF:4
BRH:0
end_of_record
TN:
SF:components\ui\switch.tsx
FN:11,(anonymous_0)
FNF:1
FNH:0
FNDA:0,(anonymous_0)
DA:8,0
DA:12,0
DA:27,0
LF:3
LH:0
BRF:0
BRH:0
end_of_record
TN:
SF:components\ui\table.tsx
FN:8,(anonymous_0)
FN:22,(anonymous_1)
FN:30,(anonymous_2)
FN:42,(anonymous_3)
FN:57,(anonymous_4)
[...]
BRDA:165,21,1,0
BRDA:184,22,0,0
BRDA:184,22,1,0
BRDA:189,23,0,0
BRDA:189,23,1,0
BRDA:204,24,0,0
BRDA:204,24,1,0
BRDA:217,25,0,0
BRDA:217,25,1,0
BRDA:236,26,0,0
BRDA:236,26,1,0
BRDA:246,27,0,0
BRDA:246,27,1,0
BRDA:252,28,0,0
BRDA:252,28,1,0
BRDA:265,29,0,0
BRDA:265,29,1,0
BRDA:283,30,0,0
BRDA:283,30,1,0
BRDA:298,31,0,0
BRDA:298,31,1,0
BRDA:304,32,0,0
BRDA:304,32,1,0
BRDA:313,33,0,0
BRDA:313,33,1,0
BRDA:331,34,0,0
BRDA:331,34,1,0
BRDA:348,35,0,0
BRDA:348,35,1,0
BRDA:354,36,0,0
BRDA:354,36,1,0
BRDA:363,37,0,0
BRDA:363,37,1,0
BRDA:381,38,0,0
BRDA:381,38,1,0
BRDA:387,39,0,0
BRDA:387,39,1,0
BRDA:388,40,0,0
BRDA:388,40,1,0
BRDA:416,41,0,0
BRDA:416,41,1,0
BRDA:420,42,0,0
BRDA:420,42,1,0
BRDA:428,43,0,0
BRDA:428,43,1,0
BRDA:441,44,0,0
BRDA:441,44,1,0
BRDA:461,45,0,0
BRDA:461,45,1,0
BRDA:461,46,0,0
BRDA:461,46,1,0
BRDA:470,47,0,0
BRDA:470,47,1,0
BRDA:488,48,0,0
BRDA:488,48,1,0
BRDA:514,49,0,0
BRDA:514,49,1,0
BRDA:527,50,0,0
BRDA:527,50,1,0
BRDA:545,51,0,0
BRDA:545,51,1,0
BRDA:565,52,0,0
BRDA:565,52,1,0
BRDA:569,53,0,0
BRDA:569,53,1,0
BRDA:574,54,0,0
BRDA:574,54,1,0
BRF:110
BRH:0
end_of_record
TN:
SF:lib\actions\quotes.ts
FN:9,createQuote
FN:80,(anonymous_1)
FN:114,updateQuote
FN:203,(anonymous_3)
FN:238,deleteQuote
FN:305,sendQuote
FN:381,acceptQuote
FN:453,rejectQuote
FN:524,convertQuoteToInvoice
FN:622,duplicateQuote
FN:694,(anonymous_10)
FN:728,getQuotes
FN:775,getQuote
FNF:13
FNH:1
FNDA:2,createQuote
FNDA:0,(anonymous_1)
FNDA:0,updateQuote
FNDA:0,(anonymous_3)
FNDA:0,deleteQuote
FNDA:0,sendQuote
FNDA:0,acceptQuote
FNDA:0,rejectQuote
FNDA:0,convertQuoteToInvoice
FNDA:0,duplicateQuote
FNDA:0,(anonymous_10)
FNDA:0,getQuotes
FNDA:0,getQuote
DA:10,2
DA:12,2
DA:13,2
DA:14,2
DA:15,0
DA:19,2
DA:25,2
DA:26,0
DA:30,2
DA:31,0
DA:35,2
DA:36,2
DA:37,2
DA:38,2
DA:39,2
DA:40,2
DA:41,2
DA:42,2
DA:43,2
DA:44,2
DA:47,2
DA:51,2
DA:72,2
DA:73,0
DA:77,2
DA:78,2
DA:79,0
DA:80,0
DA:89,0
DA:93,0
DA:94,0
DA:98,2
DA:99,2
DA:105,0
DA:106,0
DA:115,0
DA:117,0
DA:118,0
DA:119,0
DA:120,0
DA:124,0
DA:130,0
DA:131,0
DA:135,0
DA:136,0
DA:140,0
DA:147,0
DA:148,0
DA:152,0
DA:153,0
DA:157,0
DA:158,0
DA:159,0
DA:160,0
DA:161,0
DA:162,0
DA:163,0
DA:164,0
DA:165,0
DA:166,0
DA:169,0
DA:188,0
DA:189,0
DA:193,0
DA:194,0
DA:196,0
DA:202,0
DA:203,0
DA:212,0
DA:216,0
DA:217,0
DA:221,0
DA:222,0
DA:223,0
DA:229,0
DA:230,0
DA:239,0
DA:241,0
DA:242,0
DA:243,0
DA:244,0
DA:248,0
DA:254,0
DA:255,0
DA:259,0
DA:260,0
DA:264,0
DA:271,0
DA:272,0
DA:276,0
DA:277,0
DA:281,0
DA:286,0
DA:287,0
DA:290,0
DA:291,0
DA:296,0
DA:297,0
DA:306,0
DA:308,0
DA:309,0
DA:310,0
DA:311,0
DA:315,0
DA:321,0
DA:322,0
DA:326,0
DA:327,0
DA:331,0
DA:341,0
DA:342,0
DA:345,0
DA:346,0
DA:350,0
DA:358,0
DA:359,0
DA:365,0
DA:366,0
DA:367,0
DA:372,0
DA:373,0
DA:382,0
DA:384,0
DA:385,0
DA:386,0
DA:387,0
DA:391,0
DA:397,0
DA:398,0
DA:402,0
DA:408,0
DA:409,0
DA:410,0
DA:413,0
DA:414,0
DA:418,0
DA:429,0
DA:430,0
DA:433,0
DA:434,0
DA:437,0
DA:438,0
DA:439,0
DA:444,0
DA:445,0
DA:454,0
DA:456,0
DA:457,0
DA:458,0
DA:459,0
DA:463,0
DA:469,0
DA:470,0
DA:473,0
DA:479,0
DA:480,0
DA:481,0
DA:484,0
DA:485,0
DA:489,0
DA:500,0
DA:501,0
DA:504,0
DA:505,0
DA:508,0
DA:509,0
DA:510,0
DA:515,0
DA:516,0
DA:525,0
DA:527,0
DA:528,0
DA:529,0
DA:530,0
DA:534,0
DA:540,0
DA:541,0
DA:545,0
DA:546,0
DA:550,0
DA:560,0
DA:561,0
DA:564,0
DA:565,0
DA:569,0
DA:573,0
DA:592,0
DA:593,0
DA:597,0
DA:605,0
DA:606,0
DA:607,0
DA:613,0
DA:614,0
DA:623,0
DA:625,0
DA:626,0
DA:627,0
DA:628,0
DA:632,0
DA:638,0
DA:639,0
DA:643,0
DA:644,0
DA:648,0
DA:658,0
DA:659,0
DA:663,0
DA:667,0
DA:688,0
DA:689,0
DA:693,0
DA:694,0
DA:703,0
DA:707,0
DA:708,0
DA:712,0
DA:713,0
DA:719,0
DA:720,0
DA:729,0
DA:731,0
DA:732,0
DA:733,0
DA:734,0
DA:738,0
DA:744,0
DA:745,0
DA:749,0
DA:760,0
DA:761,0
DA:764,0
DA:766,0
DA:767,0
DA:776,0
DA:778,0
DA:779,0
DA:780,0
DA:781,0
DA:785,0
DA:791,0
DA:792,0
DA:796,0
DA:809,0
DA:810,0
DA:813,0
DA:815,0
DA:816,0
LF:248
LH:24
BRDA:14,0,0,0
BRDA:14,0,1,2
BRDA:25,1,0,0
BRDA:25,1,1,2
BRDA:30,2,0,0
BRDA:30,2,1,2
BRDA:40,3,0,2
BRDA:40,3,1,1
BRDA:56,4,0,2
BRDA:56,4,1,2
BRDA:72,5,0,0
BRDA:72,5,1,2
BRDA:78,6,0,0
BRDA:78,6,1,2
BRDA:93,7,0,0
BRDA:93,7,1,0
BRDA:108,8,0,0
BRDA:108,8,1,0
BRDA:119,9,0,0
BRDA:119,9,1,0
BRDA:130,10,0,0
BRDA:130,10,1,0
BRDA:135,11,0,0
BRDA:135,11,1,0
BRDA:147,12,0,0
BRDA:147,12,1,0
BRDA:152,13,0,0
BRDA:152,13,1,0
BRDA:162,14,0,0
BRDA:162,14,1,0
BRDA:173,15,0,0
BRDA:173,15,1,0
BRDA:188,16,0,0
BRDA:188,16,1,0
BRDA:194,17,0,0
BRDA:194,17,1,0
BRDA:216,18,0,0
BRDA:216,18,1,0
BRDA:232,19,0,0
BRDA:232,19,1,0
BRDA:243,20,0,0
BRDA:243,20,1,0
BRDA:254,21,0,0
BRDA:254,21,1,0
BRDA:259,22,0,0
BRDA:259,22,1,0
BRDA:271,23,0,0
BRDA:271,23,1,0
BRDA:276,24,0,0
BRDA:276,24,1,0
BRDA:286,25,0,0
BRDA:286,25,1,0
BRDA:299,26,0,0
BRDA:299,26,1,0
BRDA:310,27,0,0
BRDA:310,27,1,0
BRDA:321,28,0,0
BRDA:321,28,1,0
BRDA:326,29,0,0
BRDA:326,29,1,0
BRDA:341,30,0,0
BRDA:341,30,1,0
BRDA:341,31,0,0
BRDA:341,31,1,0
BRDA:345,32,0,0
BRDA:345,32,1,0
BRDA:358,33,0,0
BRDA:358,33,1,0
BRDA:375,34,0,0
BRDA:375,34,1,0
BRDA:386,35,0,0
BRDA:386,35,1,0
BRDA:397,36,0,0
BRDA:397,36,1,0
BRDA:408,37,0,0
BRDA:408,37,1,0
BRDA:409,38,0,0
BRDA:409,38,1,0
BRDA:409,39,0,0
BRDA:409,39,1,0
BRDA:409,39,2,0
BRDA:413,40,0,0
BRDA:413,40,1,0
BRDA:429,41,0,0
BRDA:429,41,1,0
BRDA:433,42,0,0
BRDA:433,42,1,0
BRDA:447,43,0,0
BRDA:447,43,1,0
BRDA:458,44,0,0
BRDA:458,44,1,0
BRDA:469,45,0,0
BRDA:469,45,1,0
BRDA:479,46,0,0
BRDA:479,46,1,0
BRDA:480,47,0,0
BRDA:480,47,1,0
BRDA:480,48,0,0
BRDA:480,48,1,0
BRDA:480,48,2,0
BRDA:484,49,0,0
BRDA:484,49,1,0
BRDA:500,50,0,0
BRDA:500,50,1,0
BRDA:504,51,0,0
BRDA:504,51,1,0
BRDA:518,52,0,0
BRDA:518,52,1,0
BRDA:529,53,0,0
BRDA:529,53,1,0
BRDA:540,54,0,0
BRDA:540,54,1,0
BRDA:545,55,0,0
BRDA:545,55,1,0
BRDA:560,56,0,0
BRDA:560,56,1,0
BRDA:560,57,0,0
BRDA:560,57,1,0
BRDA:564,58,0,0
BRDA:564,58,1,0
BRDA:592,59,0,0
BRDA:592,59,1,0
BRDA:616,60,0,0
BRDA:616,60,1,0
BRDA:627,61,0,0
BRDA:627,61,1,0
BRDA:638,62,0,0
BRDA:638,62,1,0
BRDA:643,63,0,0
BRDA:643,63,1,0
BRDA:658,64,0,0
BRDA:658,64,1,0
BRDA:658,65,0,0
BRDA:658,65,1,0
BRDA:688,66,0,0
BRDA:688,66,1,0
BRDA:693,67,0,0
BRDA:693,67,1,0
BRDA:693,68,0,0
BRDA:693,68,1,0
BRDA:707,69,0,0
BRDA:707,69,1,0
BRDA:722,70,0,0
BRDA:722,70,1,0
BRDA:733,71,0,0
BRDA:733,71,1,0
BRDA:744,72,0,0
BRDA:744,72,1,0
BRDA:760,73,0,0
BRDA:760,73,1,0
BRDA:769,74,0,0
BRDA:769,74,1,0
BRDA:780,75,0,0
BRDA:780,75,1,0
BRDA:791,76,0,0
BRDA:791,76,1,0
BRDA:809,77,0,0
BRDA:809,77,1,0
BRDA:818,78,0,0
BRDA:818,78,1,0
BRF:160
BRH:9
end_of_record
TN:
SF:lib\actions\ratings.ts
FN:7,submitCustomerRating
FN:109,getCustomerRatings
FN:180,getRatingStats
FN:227,(anonymous_3)
FN:230,(anonymous_4)
FN:236,(anonymous_5)
FN:238,(anonymous_6)
FN:249,(anonymous_7)
FN:255,(anonymous_8)
FN:263,(anonymous_9)
FN:295,getCustomerPortalRatings
FN:336,updateRatingResponse
FNF:12
FNH:0
FNDA:0,submitCustomerRating
FNDA:0,getCustomerRatings
FNDA:0,getRatingStats
FNDA:0,(anonymous_3)
FNDA:0,(anonymous_4)
FNDA:0,(anonymous_5)
FNDA:0,(anonymous_6)
FNDA:0,(anonymous_7)
FNDA:0,(anonymous_8)
FNDA:0,(anonymous_9)
FNDA:0,getCustomerPortalRatings
FNDA:0,updateRatingResponse
DA:8,0
DA:10,0
DA:12,0
DA:13,0
DA:14,0
DA:15,0
DA:16,0
DA:19,0
DA:28,0
DA:29,0
DA:33,0
DA:39,0
DA:40,0
DA:43,0
DA:44,0
DA:45,0
DA:52,0
DA:53,0
DA:55,0
DA:59,0
DA:60,0
DA:67,0
DA:68,0
DA:73,0
DA:87,0
DA:88,0
DA:91,0
DA:92,0
DA:94,0
DA:100,0
DA:101,0
DA:116,0
DA:118,0
DA:119,0
DA:120,0
DA:121,0
DA:125,0
DA:131,0
DA:132,0
DA:136,0
DA:147,0
DA:148,0
DA:150,0
DA:151,0
DA:153,0
DA:154,0
DA:156,0
DA:157,0
DA:159,0
DA:160,0
DA:163,0
DA:165,0
DA:166,0
DA:169,0
DA:171,0
DA:172,0
DA:181,0
DA:183,0
DA:184,0
DA:185,0
DA:186,0
DA:190,0
DA:196,0
DA:197,0
DA:201,0
DA:206,0
DA:207,0
DA:226,0
DA:227,0
DA:230,0
DA:231,0
DA:232,0
DA:236,0
DA:237,0
DA:238,0
DA:239,0
DA:240,0
DA:241,0
DA:242,0
DA:246,0
DA:249,0
DA:250,0
DA:251,0
DA:255,0
DA:256,0
DA:257,0
DA:258,0
DA:259,0
DA:260,0
DA:263,0
DA:264,0
DA:265,0
DA:268,0
DA:286,0
DA:287,0
DA:296,0
DA:298,0
DA:300,0
DA:307,0
DA:308,0
DA:312,0
DA:321,0
DA:322,0
DA:325,0
DA:327,0
DA:328,0
DA:337,0
DA:339,0
DA:340,0
DA:341,0
DA:342,0
DA:346,0
DA:352,0
DA:353,0
DA:357,0
DA:358,0
DA:362,0
DA:369,0
DA:370,0
DA:374,0
DA:386,0
DA:387,0
DA:390,0
DA:391,0
DA:397,0
DA:398,0
LF:126
LH:0
BRDA:20,0,0,0
BRDA:20,0,1,0
BRDA:21,1,0,0
BRDA:21,1,1,0
BRDA:22,2,0,0
BRDA:22,2,1,0
BRDA:23,3,0,0
BRDA:23,3,1,0
BRDA:24,4,0,0
BRDA:24,4,1,0
BRDA:28,5,0,0
BRDA:28,5,1,0
BRDA:28,6,0,0
BRDA:28,6,1,0
BRDA:28,6,2,0
BRDA:28,6,3,0
BRDA:39,7,0,0
BRDA:39,7,1,0
BRDA:44,8,0,0
BRDA:44,8,1,0
BRDA:52,9,0,0
BRDA:52,9,1,0
BRDA:59,10,0,0
BRDA:59,10,1,0
BRDA:67,11,0,0
BRDA:67,11,1,0
BRDA:78,12,0,0
BRDA:78,12,1,0
BRDA:87,13,0,0
BRDA:87,13,1,0
BRDA:97,14,0,0
BRDA:97,14,1,0
BRDA:103,15,0,0
BRDA:103,15,1,0
BRDA:120,16,0,0
BRDA:120,16,1,0
BRDA:131,17,0,0
BRDA:131,17,1,0
BRDA:147,18,0,0
BRDA:147,18,1,0
BRDA:150,19,0,0
BRDA:150,19,1,0
BRDA:153,20,0,0
BRDA:153,20,1,0
BRDA:156,21,0,0
BRDA:156,21,1,0
BRDA:159,22,0,0
BRDA:159,22,1,0
BRDA:165,23,0,0
BRDA:165,23,1,0
BRDA:174,24,0,0
BRDA:174,24,1,0
BRDA:185,25,0,0
BRDA:185,25,1,0
BRDA:196,26,0,0
BRDA:196,26,1,0
BRDA:206,27,0,0
BRDA:206,27,1,0
BRDA:206,28,0,0
BRDA:206,28,1,0
BRDA:231,29,0,0
BRDA:231,29,1,0
BRDA:237,30,0,0
BRDA:237,30,1,0
BRDA:239,31,0,0
BRDA:239,31,1,0
BRDA:240,32,0,0
BRDA:240,32,1,0
BRDA:257,33,0,0
BRDA:257,33,1,0
BRDA:289,34,0,0
BRDA:289,34,1,0
BRDA:307,35,0,0
BRDA:307,35,1,0
BRDA:321,36,0,0
BRDA:321,36,1,0
BRDA:330,37,0,0
BRDA:330,37,1,0
BRDA:341,38,0,0
BRDA:341,38,1,0
BRDA:352,39,0,0
BRDA:352,39,1,0
BRDA:357,40,0,0
BRDA:357,40,1,0
BRDA:369,41,0,0
BRDA:369,41,1,0
BRDA:386,42,0,0
BRDA:386,42,1,0
BRDA:400,43,0,0
BRDA:400,43,1,0
BRF:90
BRH:0
end_of_record
TN:
SF:lib\actions\super-admin.ts
FN:8,requireSuperAdmin
FN:34,approveFleetApplication
FN:83,rejectFleetApplication
FN:108,createCompany
FN:140,updateCompany
FN:168,updateCompanyStatus
FN:187,deleteCompany
FN:229,createCompanyAdmin
FN:256,updateUserRole
FN:275,deleteUser
FN:306,setUserActive
FN:327,getSystemAnalytics
FN:363,updateSystemSetting
FN:385,getSystemSettings
FN:397,(anonymous_14)
FN:413,performSystemBackup
FN:419,(anonymous_16)
FN:439,testEmailService
FN:445,(anonymous_18)
FN:465,performSystemHealthCheck
FN:504,toggleMaintenanceMode
FN:541,createUser
FN:588,getUsersWithCompanies
FNF:23
FNH:4
FNDA:13,requireSuperAdmin
FNDA:0,approveFleetApplication
FNDA:0,rejectFleetApplication
FNDA:0,createCompany
FNDA:0,updateCompany
FNDA:0,updateCompanyStatus
FNDA:0,deleteCompany
FNDA:0,createCompanyAdmin
FNDA:4,updateUserRole
FNDA:5,deleteUser
FNDA:0,setUserActive
FNDA:4,getSystemAnalytics
FNDA:0,updateSystemSetting
FNDA:0,getSystemSettings
FNDA:0,(anonymous_14)
FNDA:0,performSystemBackup
FNDA:0,(anonymous_16)
FNDA:0,testEmailService
FNDA:0,(anonymous_18)
FNDA:0,performSystemHealthCheck
FNDA:0,toggleMaintenanceMode
FNDA:0,createUser
FNDA:0,getUsersWithCompanies
DA:9,13
DA:14,13
DA:16,13
DA:17,1
DA:20,12
DA:26,12
DA:27,2
DA:30,10
DA:42,0
DA:44,0
DA:46,0
DA:60,0
DA:63,0
DA:72,0
DA:74,0
DA:75,0
DA:76,0
DA:78,0
DA:79,0
DA:84,0
DA:86,0
DA:87,0
DA:96,0
DA:98,0
DA:99,0
DA:100,0
DA:102,0
DA:103,0
DA:118,0
DA:120,0
DA:121,0
DA:130,0
DA:132,0
DA:133,0
DA:135,0
DA:136,0
DA:150,0
DA:152,0
DA:153,0
DA:158,0
DA:160,0
DA:161,0
DA:163,0
DA:164,0
DA:169,0
DA:171,0
DA:172,0
DA:177,0
DA:179,0
DA:180,0
DA:182,0
DA:183,0
DA:188,0
DA:190,0
DA:192,0
DA:198,0
DA:205,0
DA:206,0
DA:209,0
DA:210,0
DA:213,0
DA:218,0
DA:220,0
DA:221,0
DA:223,0
DA:224,0
DA:235,0
DA:237,0
DA:240,0
DA:241,0
DA:243,0
DA:248,0
DA:249,0
DA:257,4
DA:259,3
DA:260,3
DA:265,2
DA:267,2
DA:268,0
DA:270,3
DA:271,3
DA:276,5
DA:278,5
DA:280,5
DA:286,5
DA:287,2
DA:291,3
DA:296,1
DA:298,1
DA:299,0
DA:301,3
DA:302,3
DA:307,0
DA:309,0
DA:310,0
DA:315,0
DA:317,0
DA:318,0
DA:320,0
DA:321,0
DA:328,4
DA:330,2
DA:336,2
DA:343,2
DA:357,0
DA:358,0
DA:364,0
DA:366,0
DA:367,0
DA:375,0
DA:377,0
DA:378,0
DA:380,0
DA:381,0
DA:386,0
DA:388,0
DA:389,0
DA:393,0
DA:396,0
DA:397,0
DA:398,0
DA:399,0
DA:401,0
DA:405,0
DA:407,0
DA:408,0
DA:414,0
DA:416,0
DA:419,0
DA:422,0
DA:430,0
DA:432,0
DA:434,0
DA:435,0
DA:440,0
DA:442,0
DA:445,0
DA:448,0
DA:456,0
DA:458,0
DA:460,0
DA:461,0
DA:466,0
DA:468,0
DA:470,0
DA:471,0
DA:474,0
DA:483,0
DA:491,0
DA:493,0
DA:499,0
DA:500,0
DA:505,0
DA:507,0
DA:508,0
DA:516,0
DA:519,0
DA:527,0
DA:529,0
DA:530,0
DA:535,0
DA:536,0
DA:549,0
DA:551,0
DA:553,0
DA:568,0
DA:570,0
DA:571,0
DA:577,0
DA:578,0
DA:583,0
DA:584,0
DA:589,0
DA:591,0
DA:592,0
DA:600,0
DA:602,0
DA:604,0
DA:605,0
LF:179
LH:29
BRDA:16,0,0,1
BRDA:16,0,1,12
BRDA:16,1,0,13
BRDA:16,1,1,13
BRDA:26,2,0,2
BRDA:26,2,1,10
BRDA:26,3,0,12
BRDA:26,3,1,12
BRDA:60,4,0,0
BRDA:60,4,1,0
BRDA:72,5,0,0
BRDA:72,5,1,0
BRDA:96,6,0,0
BRDA:96,6,1,0
BRDA:130,7,0,0
BRDA:130,7,1,0
BRDA:158,8,0,0
BRDA:158,8,1,0
BRDA:177,9,0,0
BRDA:177,9,1,0
BRDA:205,10,0,0
BRDA:205,10,1,0
BRDA:205,11,0,0
BRDA:205,11,1,0
BRDA:209,12,0,0
BRDA:209,12,1,0
BRDA:209,13,0,0
BRDA:209,13,1,0
BRDA:218,14,0,0
BRDA:218,14,1,0
BRDA:265,15,0,0
BRDA:265,15,1,2
BRDA:286,16,0,2
BRDA:286,16,1,3
BRDA:296,17,0,0
BRDA:296,17,1,1
BRDA:315,18,0,0
BRDA:315,18,1,0
BRDA:346,19,0,2
BRDA:346,19,1,2
BRDA:347,20,0,2
BRDA:347,20,1,2
BRDA:348,21,0,2
BRDA:348,21,1,2
BRDA:349,22,0,2
BRDA:349,22,1,2
BRDA:350,23,0,2
BRDA:350,23,1,2
BRDA:351,24,0,2
BRDA:351,24,1,2
BRDA:352,25,0,2
BRDA:352,25,1,2
BRDA:353,26,0,2
BRDA:353,26,1,2
BRDA:375,27,0,0
BRDA:375,27,1,0
BRDA:393,28,0,0
BRDA:393,28,1,0
BRDA:430,29,0,0
BRDA:430,29,1,0
BRDA:456,30,0,0
BRDA:456,30,1,0
BRDA:471,31,0,0
BRDA:471,31,1,0
BRDA:491,32,0,0
BRDA:491,32,1,0
BRDA:516,33,0,0
BRDA:516,33,1,0
BRDA:523,34,0,0
BRDA:523,34,1,0
BRDA:527,35,0,0
BRDA:527,35,1,0
BRDA:532,36,0,0
BRDA:532,36,1,0
BRDA:568,37,0,0
BRDA:568,37,1,0
BRDA:600,38,0,0
BRDA:600,38,1,0
BRF:78
BRH:28
end_of_record
TN:
SF:lib\email\email-service.ts
FN:67,getEmailConfig
FN:84,generateQuoteEmailTemplate
FN:149,generateInvoiceEmailTemplate
FN:220,sendEmailMock
FN:230,(anonymous_4)
FN:236,sendQuoteEmail
FN:343,sendInvoiceEmail
FN:438,sendPaymentReminderEmail
FNF:8
FNH:0
FNDA:0,getEmailConfig
FNDA:0,generateQuoteEmailTemplate
FNDA:0,generateInvoiceEmailTemplate
FNDA:0,sendEmailMock
FNDA:0,(anonymous_4)
FNDA:0,sendQuoteEmail
FNDA:0,sendInvoiceEmail
FNDA:0,sendPaymentReminderEmail
DA:68,0
DA:70,0
DA:85,0
DA:87,0
DA:150,0
DA:152,0
DA:221,0
DA:222,0
DA:223,0
DA:224,0
DA:225,0
DA:226,0
DA:230,0
DA:232,0
DA:237,0
DA:239,0
DA:240,0
DA:241,0
DA:242,0
DA:246,0
DA:252,0
DA:253,0
DA:257,0
DA:258,0
DA:262,0
DA:273,0
DA:274,0
DA:277,0
DA:278,0
DA:281,0
DA:282,0
DA:286,0
DA:310,0
DA:311,0
DA:314,0
DA:316,0
DA:318,0
DA:326,0
DA:331,0
DA:334,0
DA:335,0
DA:344,0
DA:346,0
DA:347,0
DA:348,0
DA:349,0
DA:353,0
DA:359,0
DA:360,0
DA:364,0
DA:365,0
DA:369,0
DA:380,0
DA:381,0
DA:384,0
DA:385,0
DA:389,0
DA:414,0
DA:415,0
DA:418,0
DA:420,0
DA:421,0
DA:426,0
DA:429,0
DA:430,0
DA:439,0
DA:441,0
DA:442,0
DA:443,0
DA:444,0
DA:448,0
DA:454,0
DA:455,0
DA:459,0
DA:460,0
DA:464,0
DA:475,0
DA:476,0
DA:479,0
DA:480,0
DA:483,0
DA:484,0
DA:488,0
DA:489,0
DA:490,0
DA:493,0
DA:518,0
DA:519,0
DA:524,0
DA:526,0
DA:527,0
DA:532,0
DA:535,0
DA:536,0
LF:94
LH:0
BRDA:68,0,0,0
BRDA:68,0,1,0
BRDA:75,1,0,0
BRDA:75,1,1,0
BRDA:78,2,0,0
BRDA:78,2,1,0
BRDA:79,3,0,0
BRDA:79,3,1,0
BRDA:112,4,0,0
BRDA:112,4,1,0
BRDA:122,5,0,0
BRDA:122,5,1,0
BRDA:136,6,0,0
BRDA:136,6,1,0
BRDA:182,7,0,0
BRDA:182,7,1,0
BRDA:197,8,0,0
BRDA:197,8,1,0
BRDA:207,9,0,0
BRDA:207,9,1,0
BRDA:225,10,0,0
BRDA:225,10,1,0
BRDA:241,11,0,0
BRDA:241,11,1,0
BRDA:252,12,0,0
BRDA:252,12,1,0
BRDA:257,13,0,0
BRDA:257,13,1,0
BRDA:273,14,0,0
BRDA:273,14,1,0
BRDA:273,15,0,0
BRDA:273,15,1,0
BRDA:277,16,0,0
BRDA:277,16,1,0
BRDA:281,17,0,0
BRDA:281,17,1,0
BRDA:316,18,0,0
BRDA:316,18,1,0
BRDA:337,19,0,0
BRDA:337,19,1,0
BRDA:348,20,0,0
BRDA:348,20,1,0
BRDA:359,21,0,0
BRDA:359,21,1,0
BRDA:364,22,0,0
BRDA:364,22,1,0
BRDA:380,23,0,0
BRDA:380,23,1,0
BRDA:380,24,0,0
BRDA:380,24,1,0
BRDA:384,25,0,0
BRDA:384,25,1,0
BRDA:420,26,0,0
BRDA:420,26,1,0
BRDA:432,27,0,0
BRDA:432,27,1,0
BRDA:443,28,0,0
BRDA:443,28,1,0
BRDA:454,29,0,0
BRDA:454,29,1,0
BRDA:459,30,0,0
BRDA:459,30,1,0
BRDA:475,31,0,0
BRDA:475,31,1,0
BRDA:475,32,0,0
BRDA:475,32,1,0
BRDA:479,33,0,0
BRDA:479,33,1,0
BRDA:483,34,0,0
BRDA:483,34,1,0
BRDA:500,35,0,0
BRDA:500,35,1,0
BRDA:519,36,0,0
BRDA:519,36,1,0
BRDA:526,37,0,0
BRDA:526,37,1,0
BRDA:538,38,0,0
BRDA:538,38,1,0
BRF:78
BRH:0
end_of_record
TN:
SF:lib\hooks\use-user.ts
FN:7,useUser
FN:15,(anonymous_1)
FN:92,(anonymous_2)
FN:111,(anonymous_3)
FN:124,(anonymous_4)
FNF:5
FNH:0
FNDA:0,useUser
FNDA:0,(anonymous_1)
FNDA:0,(anonymous_2)
FNDA:0,(anonymous_3)
FNDA:0,(anonymous_4)
DA:8,0
DA:9,0
DA:10,0
DA:11,0
DA:12,0
DA:13,0
DA:15,0
DA:16,0
DA:17,0
DA:18,0
DA:21,0
DA:22,0
DA:23,0
DA:26,0
DA:28,0
DA:29,0
DA:33,0
DA:35,0
DA:37,0
DA:38,0
DA:39,0
DA:42,0
DA:43,0
DA:44,0
DA:50,0
DA:52,0
DA:53,0
DA:54,0
DA:57,0
DA:58,0
DA:59,0
DA:68,0
DA:70,0
DA:71,0
DA:72,0
DA:74,0
DA:76,0
DA:77,0
DA:80,0
DA:81,0
DA:84,0
DA:85,0
DA:87,0
DA:88,0
DA:92,0
DA:93,0
DA:94,0
DA:96,0
DA:97,0
DA:98,0
DA:100,0
DA:101,0
DA:102,0
DA:103,0
DA:106,0
DA:108,0
DA:111,0
DA:112,0
DA:114,0
DA:115,0
DA:116,0
DA:117,0
DA:118,0
DA:119,0
DA:120,0
DA:124,0
DA:125,0
DA:126,0
DA:129,0
DA:130,0
DA:134,0
LF:71
LH:0
BRDA:16,0,0,0
BRDA:16,0,1,0
BRDA:21,1,0,0
BRDA:21,1,1,0
BRDA:37,2,0,0
BRDA:37,2,1,0
BRDA:42,3,0,0
BRDA:42,3,1,0
BRDA:52,4,0,0
BRDA:52,4,1,0
BRDA:57,5,0,0
BRDA:57,5,1,0
BRDA:70,6,0,0
BRDA:70,6,1,0
BRDA:85,7,0,0
BRDA:85,7,1,0
BRDA:93,8,0,0
BRDA:93,8,1,0
BRDA:114,9,0,0
BRDA:114,9,1,0
BRDA:114,10,0,0
BRDA:114,10,1,0
BRDA:114,10,2,0
BRDA:114,10,3,0
BRDA:117,11,0,0
BRDA:117,11,1,0
BRF:26
BRH:0
end_of_record
TN:
SF:lib\pdf\invoice-pdf.tsx
FN:221,(anonymous_0)
FN:286,(anonymous_1)
FNF:2
FNH:0
FNDA:0,(anonymous_0)
FNDA:0,(anonymous_1)
DA:5,0
DA:16,0
DA:221,0
DA:222,0
DA:287,0
LF:5
LH:0
BRDA:323,0,0,0
BRDA:323,0,1,0
BRF:2
BRH:0
end_of_record
TN:
SF:lib\pdf\quote-pdf.tsx
FN:78,(anonymous_0)
FN:122,(anonymous_1)
FNF:2
FNH:0
FNDA:0,(anonymous_0)
FNDA:0,(anonymous_1)
DA:4,0
DA:15,0
DA:78,0
DA:79,0
DA:123,0
LF:5
LH:0
BRDA:91,0,0,0
BRDA:91,0,1,0
BRDA:92,1,0,0
BRDA:92,1,1,0
BRDA:103,2,0,0
BRDA:103,2,1,0
BRDA:104,3,0,0
BRDA:104,3,1,0
BRDA:104,4,0,0
BRDA:104,4,1,0
BRDA:104,5,0,0
BRDA:104,5,1,0
BRDA:104,6,0,0
BRDA:104,6,1,0
BRDA:105,7,0,0
BRDA:105,7,1,0
BRDA:106,8,0,0
BRDA:106,8,1,0
BRDA:157,9,0,0
BRDA:157,9,1,0
BRDA:164,10,0,0
BRDA:164,10,1,0
BRF:22
BRH:0
end_of_record
TN:
SF:lib\pdf\report-pdf.tsx
FN:163,(anonymous_0)
FN:190,(anonymous_1)
FN:201,(anonymous_2)
FN:214,(anonymous_3)
FN:219,(anonymous_4)
FN:225,(anonymous_5)
FN:227,(anonymous_6)
FNF:7
FNH:0
FNDA:0,(anonymous_0)
FNDA:0,(anonymous_1)
FNDA:0,(anonymous_2)
FNDA:0,(anonymous_3)
FNDA:0,(anonymous_4)
FNDA:0,(anonymous_5)
FNDA:0,(anonymous_6)
DA:5,0
DA:16,0
DA:163,0
DA:164,0
DA:191,0
DA:202,0
DA:215,0
DA:220,0
DA:226,0
DA:228,0
LF:10
LH:0
BRDA:195,0,0,0
BRDA:195,0,1,0
BRDA:206,1,0,0
BRDA:206,1,1,0
BRF:4
BRH:0
end_of_record
TN:
SF:lib\supabase\client.ts
FN:3,createClient
FNF:1
FNH:0
FNDA:0,createClient
DA:4,0
DA:5,0
DA:7,0
DA:8,0
DA:12,0
DA:15,0
DA:17,0
DA:18,0
DA:20,0
DA:21,0
LF:10
LH:0
BRDA:7,0,0,0
BRDA:7,0,1,0
BRDA:7,1,0,0
BRDA:7,1,1,0
BRF:4
BRH:0
end_of_record
TN:
SF:lib\supabase\middleware.ts
FN:4,updateSession
FN:14,(anonymous_1)
FN:17,(anonymous_2)
FN:18,(anonymous_3)
FN:22,(anonymous_4)
FNF:5
FNH:0
FNDA:0,updateSession
FNDA:0,(anonymous_1)
FNDA:0,(anonymous_2)
FNDA:0,(anonymous_3)
FNDA:0,(anonymous_4)
DA:5,0
DA:9,0
DA:15,0
DA:18,0
DA:19,0
DA:22,0
DA:30,0
DA:33,0
DA:34,0
DA:35,0
DA:36,0
DA:40,0
DA:41,0
DA:47,0
DA:48,0
DA:49,0
DA:50,0
DA:55,0
DA:56,0
DA:57,0
DA:58,0
DA:61,0
LF:22
LH:0
BRDA:33,0,0,0
BRDA:33,0,1,0
BRDA:33,1,0,0
BRDA:33,1,1,0
BRDA:33,1,2,0
BRDA:40,2,0,0
BRDA:40,2,1,0
BRDA:40,3,0,0
BRDA:40,3,1,0
BRDA:47,4,0,0
BRDA:47,4,1,0
BRDA:47,5,0,0
BRDA:47,5,1,0
BRDA:55,6,0,0
BRDA:55,6,1,0
BRDA:55,7,0,0
BRDA:55,7,1,0
BRDA:55,7,2,0
BRF:18
BRH:0
end_of_record
TN:
SF:lib\supabase\server.ts
FN:4,createClient
FN:9,(anonymous_1)
FN:12,(anonymous_2)
FN:14,(anonymous_3)
FNF:4
FNH:0
FNDA:0,createClient
FNDA:0,(anonymous_1)
FNDA:0,(anonymous_2)
FNDA:0,(anonymous_3)
DA:5,0
DA:7,0
DA:10,0
DA:13,0
DA:14,0
LF:5
LH:0
BRF:0
BRH:0
end_of_record
TN:
SF:lib\types\database.ts
FNF:0
FNH:0
LF:0
LH:0
BRF:0
BRH:0
end_of_record
